2025-03-06 13:00:39,889 [INFO] Activator:176 - 


2025-03-06 13:00:39,892 [INFO] Activator:177 - !SESSION log4j initialized
2025-03-06 13:00:43,528 [INFO] LogOutputStream:77 - [STDOUT_REDIRECT] 
2025-03-06 13:00:44,462 [INFO] ApplicationProperties:184 - Using Application install path: C:\ST\STM32CubeIDE_1.17.0\STM32CubeIDE\plugins\com.st.stm32cube.common.mx_6.13.0.202411220809
2025-03-06 13:00:44,471 [INFO] DbMcusXml:78 - Set database path to: C:\ST\STM32CubeIDE_1.17.0\STM32CubeIDE\plugins\com.st.stm32cube.common.mx_6.13.0.202411220809\\db\/mcu/
2025-03-06 13:00:44,471 [INFO] ApiDb:274 - Set plugin database path to: C:\ST\STM32CubeIDE_1.17.0\STM32CubeIDE\plugins\com.st.stm32cube.common.mx_6.13.0.202411220809\\db\/plugins/boardmanager/
2025-03-06 13:00:44,471 [WARN] ApiDb:259 - Overriding images path with different value:  => C:\ST\STM32CubeIDE_1.17.0\STM32CubeIDE\plugins\com.st.stm32cube.common.mx_6.13.0.202411220809\\db\/plugins/mcufinder/images/
2025-03-06 13:00:44,475 [INFO] ApiDb:250 - Set database path to: C:\Users\benja\.stmcufinder\plugins\mcufinder//mcu/
2025-03-06 13:00:44,476 [INFO] DbMcusAds:125 - Set database path to: C:\Users\benja\.stmcufinder\plugins\mcufinder//mcu/
2025-03-06 13:00:44,478 [INFO] CrossReferenceDbSqlite:203 - Set database path to: C:\Users\benja\.stmcufinder\plugins\mcufinder//mcu/cs/
2025-03-06 13:00:44,533 [INFO] RulesReader:64 - Compatibility file has been processed (297 Rules)
2025-03-06 13:00:44,576 [INFO] DbMcusXml:78 - Set database path to: C:\ST\STM32CubeIDE_1.17.0\STM32CubeIDE\plugins\com.st.stm32cube.common.mx_6.13.0.202411220809\\db\/mcu/
2025-03-06 13:00:44,578 [INFO] ApiDb:274 - Set plugin database path to: C:\ST\STM32CubeIDE_1.17.0\STM32CubeIDE\plugins\com.st.stm32cube.common.mx_6.13.0.202411220809\\db\/plugins/boardmanager/
2025-03-06 13:00:44,578 [INFO] ApiDb:261 - Set plugin images path to: C:\ST\STM32CubeIDE_1.17.0\STM32CubeIDE\plugins\com.st.stm32cube.common.mx_6.13.0.202411220809\\db\/plugins/mcufinder/images/
2025-03-06 13:00:44,578 [WARN] DbFile:41 - Overriding database path with different value: C:\Users\benja\.stmcufinder\plugins\mcufinder/ => C:\Users\benja\.stmcufinder\plugins\mcufinder
2025-03-06 13:00:44,578 [INFO] ApiDb:250 - Set database path to: C:\Users\benja\.stmcufinder\plugins\mcufinder//mcu/
2025-03-06 13:00:44,578 [WARN] DbFile:41 - Overriding database path with different value: C:\Users\benja\.stmcufinder\plugins\mcufinder/ => C:\Users\benja\.stmcufinder\plugins\mcufinder
2025-03-06 13:00:44,578 [INFO] DbMcusAds:125 - Set database path to: C:\Users\benja\.stmcufinder\plugins\mcufinder//mcu/
2025-03-06 13:00:44,578 [WARN] DbFile:41 - Overriding database path with different value: C:\Users\benja\.stmcufinder\plugins\mcufinder/ => C:\Users\benja\.stmcufinder\plugins\mcufinder
2025-03-06 13:00:44,578 [WARN] DbFile:41 - Overriding database path with different value: C:\Users\benja\.stmcufinder\plugins\mcufinder/ => C:\Users\benja\.stmcufinder\plugins\mcufinder
2025-03-06 13:00:44,578 [INFO] CrossReferenceDbSqlite:203 - Set database path to: C:\Users\benja\.stmcufinder\plugins\mcufinder//mcu/cs/
2025-03-06 13:00:44,618 [INFO] MainPanel:272 - HeapMemory: 268435456
2025-03-06 13:00:44,676 [INFO] DbMcusXml:78 - Set database path to: C:\ST\STM32CubeIDE_1.17.0\STM32CubeIDE\plugins\com.st.stm32cube.common.mx_6.13.0.202411220809\\db\/mcu/
2025-03-06 13:00:44,676 [INFO] ApiDb:274 - Set plugin database path to: C:\ST\STM32CubeIDE_1.17.0\STM32CubeIDE\plugins\com.st.stm32cube.common.mx_6.13.0.202411220809\\db\/plugins/boardmanager/
2025-03-06 13:00:44,676 [INFO] ApiDb:261 - Set plugin images path to: C:\ST\STM32CubeIDE_1.17.0\STM32CubeIDE\plugins\com.st.stm32cube.common.mx_6.13.0.202411220809\\db\/plugins/mcufinder/images/
2025-03-06 13:00:44,676 [WARN] DbFile:41 - Overriding database path with different value: C:\Users\benja\.stmcufinder\plugins\mcufinder/ => C:\Users\benja\.stmcufinder\plugins\mcufinder
2025-03-06 13:00:44,676 [INFO] ApiDb:250 - Set database path to: C:\Users\benja\.stmcufinder\plugins\mcufinder//mcu/
2025-03-06 13:00:44,676 [WARN] DbFile:41 - Overriding database path with different value: C:\Users\benja\.stmcufinder\plugins\mcufinder/ => C:\Users\benja\.stmcufinder\plugins\mcufinder
2025-03-06 13:00:44,676 [INFO] DbMcusAds:125 - Set database path to: C:\Users\benja\.stmcufinder\plugins\mcufinder//mcu/
2025-03-06 13:00:44,676 [WARN] DbFile:41 - Overriding database path with different value: C:\Users\benja\.stmcufinder\plugins\mcufinder/ => C:\Users\benja\.stmcufinder\plugins\mcufinder
2025-03-06 13:00:44,676 [WARN] DbFile:41 - Overriding database path with different value: C:\Users\benja\.stmcufinder\plugins\mcufinder/ => C:\Users\benja\.stmcufinder\plugins\mcufinder
2025-03-06 13:00:44,676 [INFO] CrossReferenceDbSqlite:203 - Set database path to: C:\Users\benja\.stmcufinder\plugins\mcufinder//mcu/cs/
2025-03-06 13:00:44,686 [INFO] ApplicationProperties:184 - Using Application install path: C:\ST\STM32CubeIDE_1.17.0\STM32CubeIDE\plugins\com.st.stm32cube.common.mx_6.13.0.202411220809
2025-03-06 13:00:44,687 [INFO] PluginManage:196 - Search for loadable plugins [exclusion list=, ]
2025-03-06 13:00:44,687 [INFO] PluginManage:310 - Check plugin analytics
2025-03-06 13:00:44,772 [INFO] AnalyticsPlugin:253 - Accepted Software Licenses: 
2025-03-06 13:00:44,773 [INFO] AnalyticsPlugin:255 - Accepted CMSIS Pack Licenses: 
2025-03-06 13:00:44,773 [INFO] AnalyticsPlugin:257 - Accepted Firmware Licenses: FW.F4.1.28.0
2025-03-06 13:00:44,774 [INFO] PluginManage:359 - Loaded plugin analytics (category:tool,tabindex:-1)
2025-03-06 13:00:44,775 [INFO] PluginManage:310 - Check plugin cadmodel
2025-03-06 13:00:44,786 [INFO] CADModel:105 - Init CAD model plugin
2025-03-06 13:00:44,786 [INFO] PluginManage:359 - Loaded plugin cadmodel (category:power,tabindex:5)
2025-03-06 13:00:44,786 [INFO] PluginManage:310 - Check plugin clock
2025-03-06 13:00:44,796 [INFO] PluginManage:359 - Loaded plugin clock (category:base,tabindex:2)
2025-03-06 13:00:44,796 [INFO] PluginManage:310 - Check plugin ddr
2025-03-06 13:00:44,798 [INFO] PluginManage:359 - Loaded plugin ddr (category:tool,tabindex:6)
2025-03-06 13:00:44,798 [INFO] PluginManage:310 - Check plugin filemanager
2025-03-06 13:00:44,872 [INFO] PluginManage:359 - Loaded plugin filemanager (category:base,tabindex:10)
2025-03-06 13:00:44,872 [INFO] PluginManage:310 - Check plugin ipmanager
2025-03-06 13:00:44,876 [INFO] PluginManage:359 - Loaded plugin ipmanager (category:base,tabindex:5)
2025-03-06 13:00:44,876 [INFO] PluginManage:310 - Check plugin lpbam
2025-03-06 13:00:44,889 [INFO] PluginManage:359 - Loaded plugin lpbam (category:base,tabindex:0)
2025-03-06 13:00:44,889 [INFO] PluginManage:310 - Check plugin memorymap
2025-03-06 13:00:44,902 [INFO] PluginManage:359 - Loaded plugin memorymap (category:base,tabindex:4)
2025-03-06 13:00:44,902 [INFO] PluginManage:310 - Check plugin pinoutandconfiguration
2025-03-06 13:00:44,912 [INFO] PluginManage:359 - Loaded plugin pinoutandconfiguration (category:base,tabindex:1)
2025-03-06 13:00:44,912 [INFO] PluginManage:310 - Check plugin pinoutconfig
2025-03-06 13:00:44,960 [WARN] SupportedApi:132 - Cannot load RTOS API schema: s4s-elt-must-match.1: The content of 'definitions' must match (annotation?, (simpleType | complexType)?, (unique | key | keyref)*)). A problem was found starting at: attribute.
2025-03-06 13:00:45,027 [INFO] PluginManage:359 - Loaded plugin pinoutconfig (category:base,tabindex:0)
2025-03-06 13:00:45,027 [INFO] PluginManage:310 - Check plugin power
2025-03-06 13:00:45,039 [INFO] PluginManage:359 - Loaded plugin power (category:power,tabindex:4)
2025-03-06 13:00:45,039 [INFO] PluginManage:310 - Check plugin projectmanager
2025-03-06 13:00:45,047 [INFO] PluginManage:359 - Loaded plugin projectmanager (category:projectmanager,tabindex:4)
2025-03-06 13:00:45,047 [INFO] PluginManage:310 - Check plugin rif
2025-03-06 13:00:45,058 [INFO] PluginManage:359 - Loaded plugin rif (category:base,tabindex:3)
2025-03-06 13:00:45,058 [INFO] PluginManage:310 - Check plugin thirdparty
2025-03-06 13:00:45,202 [WARN] IntegrityCheckThread:84 - waiting for thirdparty lock release [integrity check]
2025-03-06 13:00:45,202 [INFO] PluginManage:359 - Loaded plugin thirdparty (category:base,tabindex:-1)
2025-03-06 13:00:45,202 [INFO] IntegrityCheckThread:86 - entering critical section [integrity check]
2025-03-06 13:00:45,202 [INFO] PluginManage:310 - Check plugin tools
2025-03-06 13:00:45,202 [INFO] ThirdPartyUpdaterWithRetryManager:70 - Updater plugin not ready yet. [1/15]
2025-03-06 13:00:45,224 [INFO] PluginManage:359 - Loaded plugin tools (category:base,tabindex:7)
2025-03-06 13:00:45,224 [INFO] PluginManage:310 - Check plugin tutovideos
2025-03-06 13:00:45,321 [INFO] PluginManage:359 - Loaded plugin tutovideos (category:base,tabindex:-1)
2025-03-06 13:00:45,321 [INFO] PluginManage:310 - Check plugin updater
2025-03-06 13:00:45,332 [INFO] PluginManage:359 - Loaded plugin updater (category:base,tabindex:12)
2025-03-06 13:00:45,332 [INFO] PluginManage:310 - Check plugin userauth
2025-03-06 13:00:45,334 [INFO] UserAuth:118 - Init User Auth plugin
2025-03-06 13:00:45,334 [INFO] PluginManage:359 - Loaded plugin userauth (category:base,tabindex:14)
2025-03-06 13:00:45,334 [INFO] PluginManage:283 - PluginManage : Loaded plugins [18]
2025-03-06 13:00:45,446 [INFO] PinOutPanel:1589 - setPackage(No Configuration,No Configuration)
2025-03-06 13:00:45,491 [INFO] CADModel:165 - CPN selected for project level
2025-03-06 13:00:45,491 [INFO] CADModel:114 - Register for checkConnection events
2025-03-06 13:00:45,512 [INFO] IPUIPlugin:80 - create IPUIPlugin
2025-03-06 13:00:45,512 [INFO] PluginManager:220 - loadIPPluginJar : add adc
2025-03-06 13:00:45,535 [INFO] IPUIPlugin:80 - create IPUIPlugin
2025-03-06 13:00:45,535 [INFO] PluginManager:220 - loadIPPluginJar : add aes
2025-03-06 13:00:45,559 [INFO] IPUIPlugin:80 - create IPUIPlugin
2025-03-06 13:00:45,560 [INFO] PluginManager:220 - loadIPPluginJar : add can
2025-03-06 13:00:45,580 [INFO] IPUIPlugin:80 - create IPUIPlugin
2025-03-06 13:00:45,580 [INFO] PluginManager:220 - loadIPPluginJar : add comp
2025-03-06 13:00:45,607 [INFO] IPUIPlugin:80 - create IPUIPlugin
2025-03-06 13:00:45,608 [INFO] PluginManager:220 - loadIPPluginJar : add cryp
2025-03-06 13:00:45,616 [INFO] IPUIPlugin:80 - create IPUIPlugin
2025-03-06 13:00:45,616 [INFO] PluginManager:220 - loadIPPluginJar : add ddr_ctrl_phy
2025-03-06 13:00:45,634 [INFO] IPUIPlugin:80 - create IPUIPlugin
2025-03-06 13:00:45,634 [INFO] PluginManager:220 - loadIPPluginJar : add dfsdm
2025-03-06 13:00:45,644 [INFO] IPUIPlugin:80 - create IPUIPlugin
2025-03-06 13:00:45,644 [INFO] PluginManager:220 - loadIPPluginJar : add dma
2025-03-06 13:00:45,665 [INFO] IPUIPlugin:80 - create IPUIPlugin
2025-03-06 13:00:45,666 [INFO] PluginManager:220 - loadIPPluginJar : add dma3
2025-03-06 13:00:45,691 [INFO] IPUIPlugin:80 - create IPUIPlugin
2025-03-06 13:00:45,691 [INFO] PluginManager:220 - loadIPPluginJar : add extmemmanager
2025-03-06 13:00:45,701 [INFO] IPUIPlugin:80 - create IPUIPlugin
2025-03-06 13:00:45,701 [INFO] PluginManager:220 - loadIPPluginJar : add fatfs
2025-03-06 13:00:45,728 [INFO] IPUIPlugin:80 - create IPUIPlugin
2025-03-06 13:00:45,728 [INFO] PluginManager:220 - loadIPPluginJar : add fmc
2025-03-06 13:00:45,737 [INFO] IPUIPlugin:80 - create IPUIPlugin
2025-03-06 13:00:45,737 [INFO] PluginManager:220 - loadIPPluginJar : add freertos
2025-03-06 13:00:45,749 [INFO] IPUIPlugin:80 - create IPUIPlugin
2025-03-06 13:00:45,749 [INFO] PluginManager:220 - loadIPPluginJar : add genericplugin
2025-03-06 13:00:45,799 [INFO] IPUIPlugin:80 - create IPUIPlugin
2025-03-06 13:00:45,799 [INFO] PluginManager:220 - loadIPPluginJar : add gfxmmu
2025-03-06 13:00:45,871 [INFO] IPUIPlugin:80 - create IPUIPlugin
2025-03-06 13:00:45,871 [INFO] PluginManager:220 - loadIPPluginJar : add gic
2025-03-06 13:00:45,879 [INFO] IPUIPlugin:80 - create IPUIPlugin
2025-03-06 13:00:45,879 [INFO] PluginManager:220 - loadIPPluginJar : add gpio
2025-03-06 13:00:45,933 [INFO] IPUIPlugin:80 - create IPUIPlugin
2025-03-06 13:00:45,933 [INFO] PluginManager:220 - loadIPPluginJar : add gtzc
2025-03-06 13:00:45,950 [INFO] IPUIPlugin:80 - create IPUIPlugin
2025-03-06 13:00:45,950 [INFO] PluginManager:220 - loadIPPluginJar : add hash
2025-03-06 13:00:45,977 [INFO] IPUIPlugin:80 - create IPUIPlugin
2025-03-06 13:00:45,977 [INFO] PluginManager:220 - loadIPPluginJar : add i2c
2025-03-06 13:00:45,996 [INFO] IPUIPlugin:80 - create IPUIPlugin
2025-03-06 13:00:45,996 [INFO] PluginManager:220 - loadIPPluginJar : add i2s
2025-03-06 13:00:46,022 [INFO] IPUIPlugin:80 - create IPUIPlugin
2025-03-06 13:00:46,022 [INFO] PluginManager:220 - loadIPPluginJar : add i3c
2025-03-06 13:00:46,079 [INFO] IPUIPlugin:80 - create IPUIPlugin
2025-03-06 13:00:46,079 [INFO] PluginManager:220 - loadIPPluginJar : add ipddr
2025-03-06 13:00:46,138 [INFO] IPUIPlugin:80 - create IPUIPlugin
2025-03-06 13:00:46,138 [INFO] PluginManager:220 - loadIPPluginJar : add linkedlist
2025-03-06 13:00:46,158 [INFO] IPUIPlugin:80 - create IPUIPlugin
2025-03-06 13:00:46,158 [INFO] PluginManager:220 - loadIPPluginJar : add lorawan
2025-03-06 13:00:46,178 [INFO] IPUIPlugin:80 - create IPUIPlugin
2025-03-06 13:00:46,178 [INFO] PluginManager:220 - loadIPPluginJar : add ltdc
2025-03-06 13:00:46,186 [INFO] IPUIPlugin:80 - create IPUIPlugin
2025-03-06 13:00:46,186 [INFO] PluginManager:220 - loadIPPluginJar : add mdma
2025-03-06 13:00:46,191 [INFO] IPUIPlugin:80 - create IPUIPlugin
2025-03-06 13:00:46,191 [INFO] PluginManager:220 - loadIPPluginJar : add nvic
2025-03-06 13:00:46,211 [INFO] IPUIPlugin:80 - create IPUIPlugin
2025-03-06 13:00:46,211 [INFO] PluginManager:220 - loadIPPluginJar : add opamp
2025-03-06 13:00:46,243 [INFO] IPUIPlugin:80 - create IPUIPlugin
2025-03-06 13:00:46,243 [INFO] PluginManager:220 - loadIPPluginJar : add openamp
2025-03-06 13:00:46,265 [INFO] IPUIPlugin:80 - create IPUIPlugin
2025-03-06 13:00:46,265 [INFO] PluginManager:220 - loadIPPluginJar : add pdm2pcm
2025-03-06 13:00:46,273 [INFO] IPUIPlugin:80 - create IPUIPlugin
2025-03-06 13:00:46,274 [INFO] PluginManager:220 - loadIPPluginJar : add plateformsettings
2025-03-06 13:00:46,285 [INFO] IPUIPlugin:80 - create IPUIPlugin
2025-03-06 13:00:46,285 [INFO] PluginManager:220 - loadIPPluginJar : add quadspi
2025-03-06 13:00:46,299 [INFO] IPUIPlugin:80 - create IPUIPlugin
2025-03-06 13:00:46,299 [INFO] PluginManager:220 - loadIPPluginJar : add radio
2025-03-06 13:00:46,307 [INFO] IPUIPlugin:80 - create IPUIPlugin
2025-03-06 13:00:46,307 [INFO] PluginManager:220 - loadIPPluginJar : add resmgrutility
2025-03-06 13:00:46,331 [INFO] IPUIPlugin:80 - create IPUIPlugin
2025-03-06 13:00:46,331 [INFO] PluginManager:220 - loadIPPluginJar : add sai
2025-03-06 13:00:46,351 [INFO] IPUIPlugin:80 - create IPUIPlugin
2025-03-06 13:00:46,351 [INFO] PluginManager:220 - loadIPPluginJar : add spi
2025-03-06 13:00:46,386 [INFO] IPUIPlugin:80 - create IPUIPlugin
2025-03-06 13:00:46,386 [INFO] PluginManager:220 - loadIPPluginJar : add stm32_wpan
2025-03-06 13:00:46,400 [INFO] IPUIPlugin:80 - create IPUIPlugin
2025-03-06 13:00:46,400 [INFO] PluginManager:220 - loadIPPluginJar : add tim
2025-03-06 13:00:46,430 [INFO] IPUIPlugin:80 - create IPUIPlugin
2025-03-06 13:00:46,431 [INFO] PluginManager:220 - loadIPPluginJar : add touchsensing
2025-03-06 13:00:46,442 [INFO] IPUIPlugin:80 - create IPUIPlugin
2025-03-06 13:00:46,442 [INFO] PluginManager:220 - loadIPPluginJar : add tracer_emb
2025-03-06 13:00:46,455 [INFO] IPUIPlugin:80 - create IPUIPlugin
2025-03-06 13:00:46,455 [INFO] PluginManager:220 - loadIPPluginJar : add ts
2025-03-06 13:00:46,467 [INFO] IPUIPlugin:80 - create IPUIPlugin
2025-03-06 13:00:46,467 [INFO] PluginManager:220 - loadIPPluginJar : add tsc
2025-03-06 13:00:46,478 [INFO] IPUIPlugin:80 - create IPUIPlugin
2025-03-06 13:00:46,478 [INFO] PluginManager:220 - loadIPPluginJar : add ucpd
2025-03-06 13:00:46,502 [INFO] IPUIPlugin:80 - create IPUIPlugin
2025-03-06 13:00:46,502 [INFO] PluginManager:220 - loadIPPluginJar : add usart
2025-03-06 13:00:46,523 [INFO] IPUIPlugin:80 - create IPUIPlugin
2025-03-06 13:00:46,523 [INFO] PluginManager:220 - loadIPPluginJar : add usbx
2025-03-06 13:00:46,629 [FATAL] Updater:351 - Updater called before beeing initialized
2025-03-06 13:00:46,639 [INFO] RulesReader:64 - Compatibility file has been processed (297 Rules)
2025-03-06 13:00:46,645 [INFO] RulesReader:64 - Compatibility file has been processed (297 Rules)
2025-03-06 13:00:46,650 [INFO] CADModel:165 - CPN selected for project level
2025-03-06 13:00:46,650 [INFO] CADModel:114 - Register for checkConnection events
2025-03-06 13:00:46,650 [FATAL] Updater:351 - Updater called before beeing initialized
2025-03-06 13:00:46,650 [ERROR] CADModel:125 - Updater not yet initialized, retry later 
2025-03-06 13:00:46,728 [FATAL] Updater:351 - Updater called before beeing initialized
2025-03-06 13:00:46,729 [INFO] CADModel:165 - CPN selected for project level
2025-03-06 13:00:46,729 [INFO] CADModel:114 - Register for checkConnection events
2025-03-06 13:00:46,729 [FATAL] Updater:351 - Updater called before beeing initialized
2025-03-06 13:00:46,729 [ERROR] CADModel:125 - Updater not yet initialized, retry later 
2025-03-06 13:00:46,730 [FATAL] Updater:351 - Updater called before beeing initialized
2025-03-06 13:00:46,786 [FATAL] Updater:351 - Updater called before beeing initialized
2025-03-06 13:00:46,791 [INFO] DbMcusAds:53 - JSON generation date=Thu Sep 30 08:55:09 CEST 2021 (1632984909247)
2025-03-06 13:00:46,791 [FATAL] Updater:351 - Updater called before beeing initialized
2025-03-06 13:00:46,813 [WARN] DetailPanel:346 - Failed to get advertising image, set to default
2025-03-06 13:00:46,931 [FATAL] Updater:351 - Updater called before beeing initialized
2025-03-06 13:00:46,932 [FATAL] Updater:351 - Updater called before beeing initialized
2025-03-06 13:00:46,933 [FATAL] Updater:351 - Updater called before beeing initialized
2025-03-06 13:00:46,933 [WARN] DetailPanel:346 - Failed to get advertising image, set to default
2025-03-06 13:00:46,933 [FATAL] Updater:351 - Updater called before beeing initialized
2025-03-06 13:00:46,970 [ERROR] Updater:1198 - MainUpdater not yet initialized. External WinMGr cannot be set.
2025-03-06 13:00:46,977 [INFO] Updater:1134 - Updater Version found : 6.13.0
2025-03-06 13:00:46,988 [INFO] ApplicationProperties:184 - Using Application install path: C:\ST\STM32CubeIDE_1.17.0\STM32CubeIDE\plugins\com.st.stm32cube.common.mx_6.13.0.202411220809
2025-03-06 13:00:48,204 [INFO] ThirdPartyUpdaterWithRetryManager:70 - Updater plugin not ready yet. [2/15]
2025-03-06 13:00:48,579 [ERROR] LogOutputStream:75 - [STDERR_REDIRECT] Mar 06, 2025 1:00:48 PM java.util.prefs.WindowsPreferences <init>
2025-03-06 13:00:48,580 [ERROR] LogOutputStream:75 - [STDERR_REDIRECT] WARNING: Could not open/create prefs root node Software\JavaSoft\Prefs at root 0xffffffff80000002. Windows RegCreateKeyEx(...) returned error code 5.
2025-03-06 13:00:48,580 [ERROR] LogOutputStream:75 - [STDERR_REDIRECT] 
2025-03-06 13:00:48,812 [INFO] MainUpdater:2872 - connection check result : 10
2025-03-06 13:00:48,814 [INFO] MainUpdater:289 - Updater Check For Update Now.
2025-03-06 13:00:48,814 [INFO] MicroXplorer:498 - Change Database Version : DB.6.0.130
2025-03-06 13:00:48,821 [INFO] McuFinderGlobals:63 - Set McuFinder mode to 2 (CubeIDE integrated)
2025-03-06 13:00:48,825 [INFO] UserAuth:486 - Internet connection configuration mode: 1
2025-03-06 13:00:48,844 [INFO] JxBrowserEngine:152 - Initiate JxBrowser Engine with user profile folder
2025-03-06 13:00:48,963 [INFO] CheckServerUpdateThread:120 - End of CheckServer Thread
2025-03-06 13:00:49,446 [INFO] WebApp:168 - Instantiating new browser for Auth
2025-03-06 13:00:49,829 [INFO] WebApp:449 - Apply proxy settings
2025-03-06 13:00:49,829 [INFO] WebApp:534 - Chromium requires no authentication
2025-03-06 13:00:49,835 [INFO] WebApp:477 - Direct internet connection detected
2025-03-06 13:00:49,848 [INFO] WebApp:880 - Register for checkConnection events
2025-03-06 13:00:49,848 [INFO] WebApp:449 - Apply proxy settings
2025-03-06 13:00:49,848 [INFO] WebApp:534 - Chromium requires no authentication
2025-03-06 13:00:49,849 [INFO] WebApp:477 - Direct internet connection detected
2025-03-06 13:00:49,942 [INFO] WebApp:221 - Starting web application
2025-03-06 13:00:49,942 [INFO] WebApp:579 - Web application path used C:\ST\STM32CubeIDE_1.17.0\STM32CubeIDE\plugins\com.st.stm32cube.common.mx_6.13.0.202411220809\db\plugins\mcufinder\reactClient1\index.html
2025-03-06 13:00:50,024 [INFO] UserAuth:486 - Internet connection configuration mode: 1
2025-03-06 13:00:50,114 [INFO] WebApp:187 - Connection restablished
2025-03-06 13:00:51,325 [WARN] PackLoader:240 - Cannot read IP mode file for STMicroelectronics.FP-SNS-MOTENVWB1.1.4.0
2025-03-06 13:00:51,335 [WARN] PackLoader:240 - Cannot read IP mode file for STMicroelectronics.FP-ATR-ASTRA1.2.0.2
2025-03-06 13:00:51,342 [WARN] PackLoader:240 - Cannot read IP mode file for STMicroelectronics.X-CUBE-SMBUS.2.1.0
2025-03-06 13:00:51,350 [WARN] PackLoader:240 - Cannot read IP mode file for STMicroelectronics.X-CUBE-WB05N.1.1.0
2025-03-06 13:00:51,371 [WARN] PackLoader:240 - Cannot read IP mode file for STMicroelectronics.X-CUBE-AZRTOS-F7.1.1.0
2025-03-06 13:00:51,381 [WARN] PackLoader:240 - Cannot read IP mode file for STMicroelectronics.FP-SNS-FLIGHT1.5.0.2
2025-03-06 13:00:51,396 [WARN] PackLoader:240 - Cannot read IP mode file for Infineon.AIROC-Wi-Fi-Bluetooth-STM32.1.7.0
2025-03-06 13:00:51,409 [WARN] PackLoader:240 - Cannot read IP mode file for STMicroelectronics.X-CUBE-DISPLAY.3.0.0
2025-03-06 13:00:51,419 [WARN] PackLoader:240 - Cannot read IP mode file for STMicroelectronics.X-CUBE-BLE1.7.0.0
2025-03-06 13:00:51,425 [WARN] PackLoader:240 - Cannot read IP mode file for STMicroelectronics.X-CUBE-NFC10.1.0.0
2025-03-06 13:00:51,434 [WARN] PackLoader:240 - Cannot read IP mode file for STMicroelectronics.X-CUBE-BLEMGR.4.0.0
2025-03-06 13:00:51,442 [WARN] PackLoader:240 - Cannot read IP mode file for emotas.I-CUBE-CANOPEN.1.3.0
2025-03-06 13:00:51,449 [WARN] PackLoader:240 - Cannot read IP mode file for STMicroelectronics.X-CUBE-AI.10.0.0
2025-03-06 13:00:51,454 [WARN] PackLoader:240 - Cannot read IP mode file for STMicroelectronics.FP-SNS-SMARTAG2.1.2.0
2025-03-06 13:00:51,482 [WARN] PackLoader:240 - Cannot read IP mode file for STMicroelectronics.X-CUBE-MEMS1.11.1.0
2025-03-06 13:00:51,571 [INFO] LogOutputStream:77 - [STDOUT_REDIRECT] 1 : Invalid condition id : UX_CORESTACK_Condition cause : null
2025-03-06 13:00:51,571 [INFO] LogOutputStream:77 - [STDOUT_REDIRECT] 1 : Invalid condition id : UX_CORESTACK_Condition cause : null
2025-03-06 13:00:51,573 [INFO] LogOutputStream:77 - [STDOUT_REDIRECT] 1 : Invalid condition id : UX_CORESTACK_Condition cause : null
2025-03-06 13:00:51,573 [INFO] LogOutputStream:77 - [STDOUT_REDIRECT] 1 : Invalid condition id : UX_CORESTACK_Condition cause : null
2025-03-06 13:00:51,575 [INFO] LogOutputStream:77 - [STDOUT_REDIRECT] 1 : Invalid condition id : UX_CORESTACK_Condition cause : null
2025-03-06 13:00:51,576 [WARN] PackLoader:240 - Cannot read IP mode file for STMicroelectronics.X-CUBE-AZRTOS-WL.2.0.0
2025-03-06 13:00:51,585 [WARN] PackLoader:240 - Cannot read IP mode file for STMicroelectronics.FP-SNS-MOTENV1.5.0.0
2025-03-06 13:00:51,594 [WARN] PackLoader:240 - Cannot read IP mode file for WES.I-CUBE-Cesium.1.3.0
2025-03-06 13:00:51,601 [WARN] PackLoader:240 - Cannot read IP mode file for STMicroelectronics.X-CUBE-BLE2.3.3.0
2025-03-06 13:00:51,606 [WARN] PackLoader:240 - Cannot read IP mode file for STMicroelectronics.X-CUBE-NFC9.1.0.0
2025-03-06 13:00:51,614 [WARN] PackLoader:240 - Cannot read IP mode file for STMicroelectronics.X-CUBE-BLE1.7.1.0
2025-03-06 13:00:51,618 [WARN] PackLoader:240 - Cannot read IP mode file for wolfSSL.I-CUBE-wolfMQTT.1.19.2
2025-03-06 13:00:51,630 [WARN] PackLoader:240 - Cannot read IP mode file for STMicroelectronics.X-CUBE-AZRTOS-G0.1.1.0
2025-03-06 13:00:51,639 [WARN] PackLoader:240 - Cannot read IP mode file for STMicroelectronics.X-CUBE-SAFEA1.1.2.2
2025-03-06 13:00:51,647 [WARN] PackLoader:240 - Cannot read IP mode file for STMicroelectronics.X-CUBE-NFC4.3.0.0
2025-03-06 13:00:51,654 [WARN] PackLoader:240 - Cannot read IP mode file for EmbeddedOffice.I-CUBE-FS-RTOS.1.0.1
2025-03-06 13:00:51,661 [WARN] PackLoader:240 - Cannot read IP mode file for wolfSSL.I-CUBE-wolfTPM.3.8.0
2025-03-06 13:00:51,667 [WARN] PackLoader:240 - Cannot read IP mode file for STMicroelectronics.X-CUBE-TCPP.4.2.0
2025-03-06 13:00:51,672 [WARN] PackLoader:240 - Cannot read IP mode file for RealThread.X-CUBE-RT-Thread_Nano.4.1.1
2025-03-06 13:00:51,679 [WARN] PackLoader:240 - Cannot read IP mode file for STMicroelectronics.FP-ATR-SIGFOX1.3.2.0
2025-03-06 13:00:51,685 [WARN] ConditionMgr:438 - getConditionDescription Invalid condition id : Cortex-A Device cause : null
2025-03-06 13:00:51,696 [WARN] ConditionMgr:1044 - genDependencies : Invalid condition id : Cortex-A Device cause : null
2025-03-06 13:00:51,696 [WARN] ConditionMgr:1044 - genDependencies : Invalid condition id : Cortex-A Device cause : null
2025-03-06 13:00:51,696 [WARN] ConditionMgr:1044 - genDependencies : Invalid condition id : Cortex-A Device cause : null
2025-03-06 13:00:51,701 [WARN] PackLoader:240 - Cannot read IP mode file for STMicroelectronics.X-CUBE-EEPRMA1.5.1.0
2025-03-06 13:00:51,708 [WARN] PackLoader:240 - Cannot read IP mode file for wolfSSL.I-CUBE-wolfSSL.5.7.6
2025-03-06 13:00:51,712 [WARN] PackLoader:240 - Cannot read IP mode file for ITTIA_DB.I-CUBE-ITTIADB.8.9.0
2025-03-06 13:00:51,725 [WARN] PackLoader:240 - Cannot read IP mode file for SEGGER.I-CUBE-embOS.1.3.1
2025-03-06 13:00:51,740 [WARN] PackLoader:240 - Cannot read IP mode file for STMicroelectronics.X-CUBE-ALGOBUILD.1.4.0
2025-03-06 13:00:51,752 [WARN] PackLoader:240 - Cannot read IP mode file for STMicroelectronics.X-CUBE-AZRTOS-F4.1.1.0
2025-03-06 13:00:51,760 [WARN] PackLoader:240 - Cannot read IP mode file for STMicroelectronics.X-CUBE-ISPU.2.1.0
2025-03-06 13:00:51,774 [WARN] PackLoader:240 - Cannot read IP mode file for STMicroelectronics.X-CUBE-AZRTOS-L5.2.0.0
2025-03-06 13:00:51,783 [WARN] PackLoader:240 - Cannot read IP mode file for STMicroelectronics.X-CUBE-NFC6.3.1.0
2025-03-06 13:00:51,792 [WARN] PackLoader:240 - Cannot read IP mode file for STMicroelectronics.X-CUBE-DPower.1.2.0
2025-03-06 13:00:51,801 [WARN] PackLoader:240 - Cannot read IP mode file for STMicroelectronics.X-CUBE-FREERTOS.1.3.0
2025-03-06 13:00:51,809 [WARN] PackLoader:240 - Cannot read IP mode file for STMicroelectronics.X-CUBE-NFC7.1.0.1
2025-03-06 13:00:51,822 [WARN] ConditionMgr:438 - getConditionDescription Invalid condition id : LAN8742 Phy interface Condition cause : null
2025-03-06 13:00:51,823 [WARN] PackLoader:240 - Cannot read IP mode file for STMicroelectronics.X-CUBE-AZRTOS-L4.2.0.0
2025-03-06 13:00:51,823 [WARN] ConditionMgr:1044 - genDependencies : Invalid condition id : LAN8742 Phy interface Condition cause : null
2025-03-06 13:00:51,823 [WARN] ConditionMgr:1044 - genDependencies : Invalid condition id : LAN8742 Phy interface Condition cause : null
2025-03-06 13:00:51,823 [WARN] ConditionMgr:1044 - genDependencies : Invalid condition id : LAN8742 Phy interface Condition cause : null
2025-03-06 13:00:51,832 [WARN] PackLoader:240 - Cannot read IP mode file for STMicroelectronics.X-CUBE-SFXS2LP1.4.0.0
2025-03-06 13:00:51,846 [WARN] PackLoader:240 - Cannot read IP mode file for STMicroelectronics.X-CUBE-AZRTOS-H7.3.3.0
2025-03-06 13:00:51,858 [WARN] ConditionMgr:438 - getConditionDescription Invalid condition id : UX DEVICE CLASS RTOS Condition cause : null
2025-03-06 13:00:51,858 [WARN] ConditionMgr:438 - getConditionDescription Invalid condition id : UX DEVICE CLASS RTOS Condition cause : null
2025-03-06 13:00:51,859 [WARN] PackLoader:240 - Cannot read IP mode file for STMicroelectronics.X-CUBE-AZRTOS-WB.2.0.0
2025-03-06 13:00:51,859 [WARN] ConditionMgr:1044 - genDependencies : Invalid condition id : UX DEVICE CLASS RTOS Condition cause : null
2025-03-06 13:00:51,859 [WARN] ConditionMgr:1044 - genDependencies : Invalid condition id : UX DEVICE CLASS RTOS Condition cause : null
2025-03-06 13:00:51,860 [WARN] ConditionMgr:1044 - genDependencies : Invalid condition id : UX DEVICE CLASS RTOS Condition cause : null
2025-03-06 13:00:51,860 [WARN] ConditionMgr:1044 - genDependencies : Invalid condition id : UX DEVICE CLASS RTOS Condition cause : null
2025-03-06 13:00:51,860 [WARN] ConditionMgr:1044 - genDependencies : Invalid condition id : UX DEVICE CLASS RTOS Condition cause : null
2025-03-06 13:00:51,872 [WARN] PackLoader:240 - Cannot read IP mode file for STMicroelectronics.X-CUBE-GNSS1.7.0.1
2025-03-06 13:00:51,883 [WARN] PackLoader:240 - Cannot read IP mode file for STMicroelectronics.FP-SNS-STBOX1.2.0.0
2025-03-06 13:00:51,897 [WARN] PackLoader:240 - Cannot read IP mode file for STMicroelectronics.X-CUBE-SUBG2.5.0.0
2025-03-06 13:00:51,906 [WARN] PackLoader:240 - Cannot read IP mode file for Cesanta.I-CUBE-Mongoose.7.13.0
2025-03-06 13:00:51,918 [WARN] PackLoader:240 - Cannot read IP mode file for STMicroelectronics.X-CUBE-AZRTOS-G4.2.0.0
2025-03-06 13:00:51,925 [WARN] PackLoader:240 - Cannot read IP mode file for wolfSSL.I-CUBE-wolfSSH.1.4.20
2025-03-06 13:00:51,935 [WARN] PackLoader:240 - Cannot read IP mode file for STMicroelectronics.X-CUBE-IPS.3.1.0
2025-03-06 13:00:51,943 [WARN] PackLoader:240 - Cannot read IP mode file for STMicroelectronics.X-CUBE-ALS.1.0.2
2025-03-06 13:00:51,949 [WARN] PackLoader:240 - Cannot read IP mode file for STMicroelectronics.X-CUBE-TOUCHGFX.4.24.2
2025-03-06 13:00:51,956 [WARN] PackLoader:240 - Cannot read IP mode file for portGmbH.I-Cube-SoM-uGOAL.1.1.0
2025-03-06 13:00:51,967 [WARN] PackLoader:240 - Cannot read IP mode file for STMicroelectronics.X-CUBE-AZRTOS-H7RS.1.0.0
2025-03-06 13:00:51,977 [WARN] PackLoader:240 - Cannot read IP mode file for STMicroelectronics.X-CUBE-TOF1.3.4.2
2025-03-06 13:00:51,978 [INFO] ThirdParty:978 - Integrity check success = true
2025-03-06 13:00:51,978 [INFO] IntegrityCheckThread:100 - exiting critical section [integrity check]
2025-03-06 13:00:51,978 [INFO] IntegrityCheckThread:103 - End integrity checks thread
2025-03-06 16:30:08,915 [INFO] WebApp:389 - JxBrowser engine has been closed 
2025-03-06 19:09:26,284 [ERROR] LogOutputStream:75 - [STDERR_REDIRECT] 
