2025-02-28 01:02:01,808 [ERROR] LogOutputStream:75 - [STDERR_REDIRECT] 
2025-02-28 14:41:11,632 [INFO] Activator:176 - 


2025-02-28 14:41:11,633 [INFO] Activator:177 - !SESSION log4j initialized
2025-02-28 14:41:15,334 [INFO] LogOutputStream:77 - [STDOUT_REDIRECT] 
2025-02-28 14:41:16,371 [INFO] ApplicationProperties:184 - Using Application install path: C:\ST\STM32CubeIDE_1.17.0\STM32CubeIDE\plugins\com.st.stm32cube.common.mx_6.13.0.202411220809
2025-02-28 14:41:16,383 [INFO] DbMcusXml:78 - Set database path to: C:\ST\STM32CubeIDE_1.17.0\STM32CubeIDE\plugins\com.st.stm32cube.common.mx_6.13.0.202411220809\\db\/mcu/
2025-02-28 14:41:16,383 [INFO] ApiDb:274 - Set plugin database path to: C:\ST\STM32CubeIDE_1.17.0\STM32CubeIDE\plugins\com.st.stm32cube.common.mx_6.13.0.202411220809\\db\/plugins/boardmanager/
2025-02-28 14:41:16,383 [WARN] ApiDb:259 - Overriding images path with different value:  => C:\ST\STM32CubeIDE_1.17.0\STM32CubeIDE\plugins\com.st.stm32cube.common.mx_6.13.0.202411220809\\db\/plugins/mcufinder/images/
2025-02-28 14:41:16,389 [INFO] ApiDb:250 - Set database path to: C:\Users\benja\.stmcufinder\plugins\mcufinder//mcu/
2025-02-28 14:41:16,390 [INFO] DbMcusAds:125 - Set database path to: C:\Users\benja\.stmcufinder\plugins\mcufinder//mcu/
2025-02-28 14:41:16,391 [INFO] CrossReferenceDbSqlite:203 - Set database path to: C:\Users\benja\.stmcufinder\plugins\mcufinder//mcu/cs/
2025-02-28 14:41:16,455 [INFO] RulesReader:64 - Compatibility file has been processed (297 Rules)
2025-02-28 14:41:16,510 [INFO] DbMcusXml:78 - Set database path to: C:\ST\STM32CubeIDE_1.17.0\STM32CubeIDE\plugins\com.st.stm32cube.common.mx_6.13.0.202411220809\\db\/mcu/
2025-02-28 14:41:16,510 [INFO] ApiDb:274 - Set plugin database path to: C:\ST\STM32CubeIDE_1.17.0\STM32CubeIDE\plugins\com.st.stm32cube.common.mx_6.13.0.202411220809\\db\/plugins/boardmanager/
2025-02-28 14:41:16,510 [INFO] ApiDb:261 - Set plugin images path to: C:\ST\STM32CubeIDE_1.17.0\STM32CubeIDE\plugins\com.st.stm32cube.common.mx_6.13.0.202411220809\\db\/plugins/mcufinder/images/
2025-02-28 14:41:16,510 [WARN] DbFile:41 - Overriding database path with different value: C:\Users\benja\.stmcufinder\plugins\mcufinder/ => C:\Users\benja\.stmcufinder\plugins\mcufinder
2025-02-28 14:41:16,510 [INFO] ApiDb:250 - Set database path to: C:\Users\benja\.stmcufinder\plugins\mcufinder//mcu/
2025-02-28 14:41:16,510 [WARN] DbFile:41 - Overriding database path with different value: C:\Users\benja\.stmcufinder\plugins\mcufinder/ => C:\Users\benja\.stmcufinder\plugins\mcufinder
2025-02-28 14:41:16,510 [INFO] DbMcusAds:125 - Set database path to: C:\Users\benja\.stmcufinder\plugins\mcufinder//mcu/
2025-02-28 14:41:16,510 [WARN] DbFile:41 - Overriding database path with different value: C:\Users\benja\.stmcufinder\plugins\mcufinder/ => C:\Users\benja\.stmcufinder\plugins\mcufinder
2025-02-28 14:41:16,510 [WARN] DbFile:41 - Overriding database path with different value: C:\Users\benja\.stmcufinder\plugins\mcufinder/ => C:\Users\benja\.stmcufinder\plugins\mcufinder
2025-02-28 14:41:16,510 [INFO] CrossReferenceDbSqlite:203 - Set database path to: C:\Users\benja\.stmcufinder\plugins\mcufinder//mcu/cs/
2025-02-28 14:41:16,552 [INFO] MainPanel:272 - HeapMemory: 268435456
2025-02-28 14:41:16,619 [INFO] DbMcusXml:78 - Set database path to: C:\ST\STM32CubeIDE_1.17.0\STM32CubeIDE\plugins\com.st.stm32cube.common.mx_6.13.0.202411220809\\db\/mcu/
2025-02-28 14:41:16,620 [INFO] ApiDb:274 - Set plugin database path to: C:\ST\STM32CubeIDE_1.17.0\STM32CubeIDE\plugins\com.st.stm32cube.common.mx_6.13.0.202411220809\\db\/plugins/boardmanager/
2025-02-28 14:41:16,620 [INFO] ApiDb:261 - Set plugin images path to: C:\ST\STM32CubeIDE_1.17.0\STM32CubeIDE\plugins\com.st.stm32cube.common.mx_6.13.0.202411220809\\db\/plugins/mcufinder/images/
2025-02-28 14:41:16,620 [WARN] DbFile:41 - Overriding database path with different value: C:\Users\benja\.stmcufinder\plugins\mcufinder/ => C:\Users\benja\.stmcufinder\plugins\mcufinder
2025-02-28 14:41:16,620 [INFO] ApiDb:250 - Set database path to: C:\Users\benja\.stmcufinder\plugins\mcufinder//mcu/
2025-02-28 14:41:16,620 [WARN] DbFile:41 - Overriding database path with different value: C:\Users\benja\.stmcufinder\plugins\mcufinder/ => C:\Users\benja\.stmcufinder\plugins\mcufinder
2025-02-28 14:41:16,620 [INFO] DbMcusAds:125 - Set database path to: C:\Users\benja\.stmcufinder\plugins\mcufinder//mcu/
2025-02-28 14:41:16,620 [WARN] DbFile:41 - Overriding database path with different value: C:\Users\benja\.stmcufinder\plugins\mcufinder/ => C:\Users\benja\.stmcufinder\plugins\mcufinder
2025-02-28 14:41:16,620 [WARN] DbFile:41 - Overriding database path with different value: C:\Users\benja\.stmcufinder\plugins\mcufinder/ => C:\Users\benja\.stmcufinder\plugins\mcufinder
2025-02-28 14:41:16,620 [INFO] CrossReferenceDbSqlite:203 - Set database path to: C:\Users\benja\.stmcufinder\plugins\mcufinder//mcu/cs/
2025-02-28 14:41:16,631 [INFO] ApplicationProperties:184 - Using Application install path: C:\ST\STM32CubeIDE_1.17.0\STM32CubeIDE\plugins\com.st.stm32cube.common.mx_6.13.0.202411220809
2025-02-28 14:41:16,633 [INFO] PluginManage:196 - Search for loadable plugins [exclusion list=, ]
2025-02-28 14:41:16,634 [INFO] PluginManage:310 - Check plugin analytics
2025-02-28 14:41:16,728 [INFO] AnalyticsPlugin:253 - Accepted Software Licenses: 
2025-02-28 14:41:16,728 [INFO] AnalyticsPlugin:255 - Accepted CMSIS Pack Licenses: 
2025-02-28 14:41:16,728 [INFO] AnalyticsPlugin:257 - Accepted Firmware Licenses: FW.F4.1.28.0
2025-02-28 14:41:16,730 [INFO] PluginManage:359 - Loaded plugin analytics (category:tool,tabindex:-1)
2025-02-28 14:41:16,730 [INFO] PluginManage:310 - Check plugin cadmodel
2025-02-28 14:41:16,745 [INFO] CADModel:105 - Init CAD model plugin
2025-02-28 14:41:16,745 [INFO] PluginManage:359 - Loaded plugin cadmodel (category:power,tabindex:5)
2025-02-28 14:41:16,745 [INFO] PluginManage:310 - Check plugin clock
2025-02-28 14:41:16,765 [INFO] PluginManage:359 - Loaded plugin clock (category:base,tabindex:2)
2025-02-28 14:41:16,765 [INFO] PluginManage:310 - Check plugin ddr
2025-02-28 14:41:16,765 [INFO] PluginManage:359 - Loaded plugin ddr (category:tool,tabindex:6)
2025-02-28 14:41:16,765 [INFO] PluginManage:310 - Check plugin filemanager
2025-02-28 14:41:16,853 [INFO] PluginManage:359 - Loaded plugin filemanager (category:base,tabindex:10)
2025-02-28 14:41:16,853 [INFO] PluginManage:310 - Check plugin ipmanager
2025-02-28 14:41:16,858 [INFO] PluginManage:359 - Loaded plugin ipmanager (category:base,tabindex:5)
2025-02-28 14:41:16,858 [INFO] PluginManage:310 - Check plugin lpbam
2025-02-28 14:41:16,871 [INFO] PluginManage:359 - Loaded plugin lpbam (category:base,tabindex:0)
2025-02-28 14:41:16,871 [INFO] PluginManage:310 - Check plugin memorymap
2025-02-28 14:41:16,887 [INFO] PluginManage:359 - Loaded plugin memorymap (category:base,tabindex:4)
2025-02-28 14:41:16,887 [INFO] PluginManage:310 - Check plugin pinoutandconfiguration
2025-02-28 14:41:16,899 [INFO] PluginManage:359 - Loaded plugin pinoutandconfiguration (category:base,tabindex:1)
2025-02-28 14:41:16,899 [INFO] PluginManage:310 - Check plugin pinoutconfig
2025-02-28 14:41:16,952 [WARN] SupportedApi:132 - Cannot load RTOS API schema: s4s-elt-must-match.1: The content of 'definitions' must match (annotation?, (simpleType | complexType)?, (unique | key | keyref)*)). A problem was found starting at: attribute.
2025-02-28 14:41:17,023 [INFO] PluginManage:359 - Loaded plugin pinoutconfig (category:base,tabindex:0)
2025-02-28 14:41:17,023 [INFO] PluginManage:310 - Check plugin power
2025-02-28 14:41:17,036 [INFO] PluginManage:359 - Loaded plugin power (category:power,tabindex:4)
2025-02-28 14:41:17,036 [INFO] PluginManage:310 - Check plugin projectmanager
2025-02-28 14:41:17,044 [INFO] PluginManage:359 - Loaded plugin projectmanager (category:projectmanager,tabindex:4)
2025-02-28 14:41:17,044 [INFO] PluginManage:310 - Check plugin rif
2025-02-28 14:41:17,055 [INFO] PluginManage:359 - Loaded plugin rif (category:base,tabindex:3)
2025-02-28 14:41:17,055 [INFO] PluginManage:310 - Check plugin thirdparty
2025-02-28 14:41:17,213 [INFO] PluginManage:359 - Loaded plugin thirdparty (category:base,tabindex:-1)
2025-02-28 14:41:17,213 [WARN] IntegrityCheckThread:84 - waiting for thirdparty lock release [integrity check]
2025-02-28 14:41:17,213 [INFO] PluginManage:310 - Check plugin tools
2025-02-28 14:41:17,213 [INFO] IntegrityCheckThread:86 - entering critical section [integrity check]
2025-02-28 14:41:17,214 [INFO] ThirdPartyUpdaterWithRetryManager:70 - Updater plugin not ready yet. [1/15]
2025-02-28 14:41:17,247 [INFO] PluginManage:359 - Loaded plugin tools (category:base,tabindex:7)
2025-02-28 14:41:17,248 [INFO] PluginManage:310 - Check plugin tutovideos
2025-02-28 14:41:17,368 [INFO] PluginManage:359 - Loaded plugin tutovideos (category:base,tabindex:-1)
2025-02-28 14:41:17,368 [INFO] PluginManage:310 - Check plugin updater
2025-02-28 14:41:17,379 [INFO] PluginManage:359 - Loaded plugin updater (category:base,tabindex:12)
2025-02-28 14:41:17,381 [INFO] PluginManage:310 - Check plugin userauth
2025-02-28 14:41:17,384 [INFO] UserAuth:118 - Init User Auth plugin
2025-02-28 14:41:17,385 [INFO] PluginManage:359 - Loaded plugin userauth (category:base,tabindex:14)
2025-02-28 14:41:17,385 [INFO] PluginManage:283 - PluginManage : Loaded plugins [18]
2025-02-28 14:41:17,512 [INFO] PinOutPanel:1589 - setPackage(No Configuration,No Configuration)
2025-02-28 14:41:17,566 [INFO] CADModel:165 - CPN selected for project level
2025-02-28 14:41:17,566 [INFO] CADModel:114 - Register for checkConnection events
2025-02-28 14:41:17,588 [INFO] IPUIPlugin:80 - create IPUIPlugin
2025-02-28 14:41:17,588 [INFO] PluginManager:220 - loadIPPluginJar : add adc
2025-02-28 14:41:17,613 [INFO] IPUIPlugin:80 - create IPUIPlugin
2025-02-28 14:41:17,613 [INFO] PluginManager:220 - loadIPPluginJar : add aes
2025-02-28 14:41:17,635 [INFO] IPUIPlugin:80 - create IPUIPlugin
2025-02-28 14:41:17,635 [INFO] PluginManager:220 - loadIPPluginJar : add can
2025-02-28 14:41:17,648 [INFO] IPUIPlugin:80 - create IPUIPlugin
2025-02-28 14:41:17,648 [INFO] PluginManager:220 - loadIPPluginJar : add comp
2025-02-28 14:41:17,674 [INFO] IPUIPlugin:80 - create IPUIPlugin
2025-02-28 14:41:17,674 [INFO] PluginManager:220 - loadIPPluginJar : add cryp
2025-02-28 14:41:17,684 [INFO] IPUIPlugin:80 - create IPUIPlugin
2025-02-28 14:41:17,684 [INFO] PluginManager:220 - loadIPPluginJar : add ddr_ctrl_phy
2025-02-28 14:41:17,702 [INFO] IPUIPlugin:80 - create IPUIPlugin
2025-02-28 14:41:17,702 [INFO] PluginManager:220 - loadIPPluginJar : add dfsdm
2025-02-28 14:41:17,711 [INFO] IPUIPlugin:80 - create IPUIPlugin
2025-02-28 14:41:17,711 [INFO] PluginManager:220 - loadIPPluginJar : add dma
2025-02-28 14:41:17,732 [INFO] IPUIPlugin:80 - create IPUIPlugin
2025-02-28 14:41:17,733 [INFO] PluginManager:220 - loadIPPluginJar : add dma3
2025-02-28 14:41:17,760 [INFO] IPUIPlugin:80 - create IPUIPlugin
2025-02-28 14:41:17,760 [INFO] PluginManager:220 - loadIPPluginJar : add extmemmanager
2025-02-28 14:41:17,776 [INFO] IPUIPlugin:80 - create IPUIPlugin
2025-02-28 14:41:17,776 [INFO] PluginManager:220 - loadIPPluginJar : add fatfs
2025-02-28 14:41:17,800 [INFO] IPUIPlugin:80 - create IPUIPlugin
2025-02-28 14:41:17,800 [INFO] PluginManager:220 - loadIPPluginJar : add fmc
2025-02-28 14:41:17,810 [INFO] IPUIPlugin:80 - create IPUIPlugin
2025-02-28 14:41:17,810 [INFO] PluginManager:220 - loadIPPluginJar : add freertos
2025-02-28 14:41:17,825 [INFO] IPUIPlugin:80 - create IPUIPlugin
2025-02-28 14:41:17,825 [INFO] PluginManager:220 - loadIPPluginJar : add genericplugin
2025-02-28 14:41:17,873 [INFO] IPUIPlugin:80 - create IPUIPlugin
2025-02-28 14:41:17,873 [INFO] PluginManager:220 - loadIPPluginJar : add gfxmmu
2025-02-28 14:41:17,945 [INFO] IPUIPlugin:80 - create IPUIPlugin
2025-02-28 14:41:17,946 [INFO] PluginManager:220 - loadIPPluginJar : add gic
2025-02-28 14:41:17,954 [INFO] IPUIPlugin:80 - create IPUIPlugin
2025-02-28 14:41:17,954 [INFO] PluginManager:220 - loadIPPluginJar : add gpio
2025-02-28 14:41:18,004 [INFO] IPUIPlugin:80 - create IPUIPlugin
2025-02-28 14:41:18,005 [INFO] PluginManager:220 - loadIPPluginJar : add gtzc
2025-02-28 14:41:18,022 [INFO] IPUIPlugin:80 - create IPUIPlugin
2025-02-28 14:41:18,022 [INFO] PluginManager:220 - loadIPPluginJar : add hash
2025-02-28 14:41:18,050 [INFO] IPUIPlugin:80 - create IPUIPlugin
2025-02-28 14:41:18,050 [INFO] PluginManager:220 - loadIPPluginJar : add i2c
2025-02-28 14:41:18,076 [INFO] IPUIPlugin:80 - create IPUIPlugin
2025-02-28 14:41:18,076 [INFO] PluginManager:220 - loadIPPluginJar : add i2s
2025-02-28 14:41:18,098 [INFO] IPUIPlugin:80 - create IPUIPlugin
2025-02-28 14:41:18,098 [INFO] PluginManager:220 - loadIPPluginJar : add i3c
2025-02-28 14:41:18,151 [INFO] IPUIPlugin:80 - create IPUIPlugin
2025-02-28 14:41:18,151 [INFO] PluginManager:220 - loadIPPluginJar : add ipddr
2025-02-28 14:41:18,199 [INFO] IPUIPlugin:80 - create IPUIPlugin
2025-02-28 14:41:18,199 [INFO] PluginManager:220 - loadIPPluginJar : add linkedlist
2025-02-28 14:41:18,219 [INFO] IPUIPlugin:80 - create IPUIPlugin
2025-02-28 14:41:18,219 [INFO] PluginManager:220 - loadIPPluginJar : add lorawan
2025-02-28 14:41:18,238 [INFO] IPUIPlugin:80 - create IPUIPlugin
2025-02-28 14:41:18,238 [INFO] PluginManager:220 - loadIPPluginJar : add ltdc
2025-02-28 14:41:18,246 [INFO] IPUIPlugin:80 - create IPUIPlugin
2025-02-28 14:41:18,246 [INFO] PluginManager:220 - loadIPPluginJar : add mdma
2025-02-28 14:41:18,254 [INFO] IPUIPlugin:80 - create IPUIPlugin
2025-02-28 14:41:18,254 [INFO] PluginManager:220 - loadIPPluginJar : add nvic
2025-02-28 14:41:18,272 [INFO] IPUIPlugin:80 - create IPUIPlugin
2025-02-28 14:41:18,272 [INFO] PluginManager:220 - loadIPPluginJar : add opamp
2025-02-28 14:41:18,307 [INFO] IPUIPlugin:80 - create IPUIPlugin
2025-02-28 14:41:18,307 [INFO] PluginManager:220 - loadIPPluginJar : add openamp
2025-02-28 14:41:18,330 [INFO] IPUIPlugin:80 - create IPUIPlugin
2025-02-28 14:41:18,330 [INFO] PluginManager:220 - loadIPPluginJar : add pdm2pcm
2025-02-28 14:41:18,338 [INFO] IPUIPlugin:80 - create IPUIPlugin
2025-02-28 14:41:18,340 [INFO] PluginManager:220 - loadIPPluginJar : add plateformsettings
2025-02-28 14:41:18,354 [INFO] IPUIPlugin:80 - create IPUIPlugin
2025-02-28 14:41:18,354 [INFO] PluginManager:220 - loadIPPluginJar : add quadspi
2025-02-28 14:41:18,370 [INFO] IPUIPlugin:80 - create IPUIPlugin
2025-02-28 14:41:18,370 [INFO] PluginManager:220 - loadIPPluginJar : add radio
2025-02-28 14:41:18,377 [INFO] IPUIPlugin:80 - create IPUIPlugin
2025-02-28 14:41:18,377 [INFO] PluginManager:220 - loadIPPluginJar : add resmgrutility
2025-02-28 14:41:18,401 [INFO] IPUIPlugin:80 - create IPUIPlugin
2025-02-28 14:41:18,401 [INFO] PluginManager:220 - loadIPPluginJar : add sai
2025-02-28 14:41:18,421 [INFO] IPUIPlugin:80 - create IPUIPlugin
2025-02-28 14:41:18,421 [INFO] PluginManager:220 - loadIPPluginJar : add spi
2025-02-28 14:41:18,458 [INFO] IPUIPlugin:80 - create IPUIPlugin
2025-02-28 14:41:18,458 [INFO] PluginManager:220 - loadIPPluginJar : add stm32_wpan
2025-02-28 14:41:18,470 [INFO] IPUIPlugin:80 - create IPUIPlugin
2025-02-28 14:41:18,470 [INFO] PluginManager:220 - loadIPPluginJar : add tim
2025-02-28 14:41:18,502 [INFO] IPUIPlugin:80 - create IPUIPlugin
2025-02-28 14:41:18,502 [INFO] PluginManager:220 - loadIPPluginJar : add touchsensing
2025-02-28 14:41:18,515 [INFO] IPUIPlugin:80 - create IPUIPlugin
2025-02-28 14:41:18,515 [INFO] PluginManager:220 - loadIPPluginJar : add tracer_emb
2025-02-28 14:41:18,528 [INFO] IPUIPlugin:80 - create IPUIPlugin
2025-02-28 14:41:18,528 [INFO] PluginManager:220 - loadIPPluginJar : add ts
2025-02-28 14:41:18,538 [INFO] IPUIPlugin:80 - create IPUIPlugin
2025-02-28 14:41:18,538 [INFO] PluginManager:220 - loadIPPluginJar : add tsc
2025-02-28 14:41:18,550 [INFO] IPUIPlugin:80 - create IPUIPlugin
2025-02-28 14:41:18,550 [INFO] PluginManager:220 - loadIPPluginJar : add ucpd
2025-02-28 14:41:18,580 [INFO] IPUIPlugin:80 - create IPUIPlugin
2025-02-28 14:41:18,580 [INFO] PluginManager:220 - loadIPPluginJar : add usart
2025-02-28 14:41:18,607 [INFO] IPUIPlugin:80 - create IPUIPlugin
2025-02-28 14:41:18,607 [INFO] PluginManager:220 - loadIPPluginJar : add usbx
2025-02-28 14:41:18,714 [FATAL] Updater:351 - Updater called before beeing initialized
2025-02-28 14:41:18,728 [INFO] RulesReader:64 - Compatibility file has been processed (297 Rules)
2025-02-28 14:41:18,734 [INFO] RulesReader:64 - Compatibility file has been processed (297 Rules)
2025-02-28 14:41:18,738 [INFO] CADModel:165 - CPN selected for project level
2025-02-28 14:41:18,738 [INFO] CADModel:114 - Register for checkConnection events
2025-02-28 14:41:18,738 [FATAL] Updater:351 - Updater called before beeing initialized
2025-02-28 14:41:18,738 [ERROR] CADModel:125 - Updater not yet initialized, retry later 
2025-02-28 14:41:18,830 [FATAL] Updater:351 - Updater called before beeing initialized
2025-02-28 14:41:18,831 [INFO] CADModel:165 - CPN selected for project level
2025-02-28 14:41:18,831 [INFO] CADModel:114 - Register for checkConnection events
2025-02-28 14:41:18,831 [FATAL] Updater:351 - Updater called before beeing initialized
2025-02-28 14:41:18,831 [ERROR] CADModel:125 - Updater not yet initialized, retry later 
2025-02-28 14:41:18,834 [FATAL] Updater:351 - Updater called before beeing initialized
2025-02-28 14:41:18,899 [FATAL] Updater:351 - Updater called before beeing initialized
2025-02-28 14:41:18,905 [INFO] DbMcusAds:53 - JSON generation date=Thu Sep 30 08:55:09 CEST 2021 (1632984909247)
2025-02-28 14:41:18,905 [FATAL] Updater:351 - Updater called before beeing initialized
2025-02-28 14:41:18,934 [WARN] DetailPanel:346 - Failed to get advertising image, set to default
2025-02-28 14:41:19,063 [FATAL] Updater:351 - Updater called before beeing initialized
2025-02-28 14:41:19,065 [FATAL] Updater:351 - Updater called before beeing initialized
2025-02-28 14:41:19,065 [FATAL] Updater:351 - Updater called before beeing initialized
2025-02-28 14:41:19,065 [WARN] DetailPanel:346 - Failed to get advertising image, set to default
2025-02-28 14:41:19,065 [FATAL] Updater:351 - Updater called before beeing initialized
2025-02-28 14:41:19,103 [ERROR] Updater:1198 - MainUpdater not yet initialized. External WinMGr cannot be set.
2025-02-28 14:41:19,110 [INFO] Updater:1134 - Updater Version found : 6.13.0
2025-02-28 14:41:19,121 [INFO] ApplicationProperties:184 - Using Application install path: C:\ST\STM32CubeIDE_1.17.0\STM32CubeIDE\plugins\com.st.stm32cube.common.mx_6.13.0.202411220809
2025-02-28 14:41:20,215 [INFO] ThirdPartyUpdaterWithRetryManager:70 - Updater plugin not ready yet. [2/15]
2025-02-28 14:41:20,687 [ERROR] LogOutputStream:75 - [STDERR_REDIRECT] Feb 28, 2025 2:41:20 PM java.util.prefs.WindowsPreferences <init>
2025-02-28 14:41:20,688 [ERROR] LogOutputStream:75 - [STDERR_REDIRECT] WARNING: Could not open/create prefs root node Software\JavaSoft\Prefs at root 0xffffffff80000002. Windows RegCreateKeyEx(...) returned error code 5.
2025-02-28 14:41:20,688 [ERROR] LogOutputStream:75 - [STDERR_REDIRECT] 
2025-02-28 14:41:20,939 [INFO] MainUpdater:2872 - connection check result : 10
2025-02-28 14:41:20,939 [INFO] MainUpdater:289 - Updater Check For Update Now.
2025-02-28 14:41:20,939 [INFO] MicroXplorer:498 - Change Database Version : DB.6.0.130
2025-02-28 14:41:20,950 [INFO] McuFinderGlobals:63 - Set McuFinder mode to 2 (CubeIDE integrated)
2025-02-28 14:41:20,952 [INFO] UserAuth:486 - Internet connection configuration mode: 1
2025-02-28 14:41:20,975 [INFO] JxBrowserEngine:152 - Initiate JxBrowser Engine with user profile folder
2025-02-28 14:41:21,096 [INFO] CheckServerUpdateThread:120 - End of CheckServer Thread
2025-02-28 14:41:21,682 [INFO] WebApp:168 - Instantiating new browser for Auth
2025-02-28 14:41:22,052 [INFO] WebApp:449 - Apply proxy settings
2025-02-28 14:41:22,052 [INFO] WebApp:534 - Chromium requires no authentication
2025-02-28 14:41:22,059 [INFO] WebApp:477 - Direct internet connection detected
2025-02-28 14:41:22,077 [INFO] WebApp:880 - Register for checkConnection events
2025-02-28 14:41:22,077 [INFO] WebApp:449 - Apply proxy settings
2025-02-28 14:41:22,077 [INFO] WebApp:534 - Chromium requires no authentication
2025-02-28 14:41:22,078 [INFO] WebApp:477 - Direct internet connection detected
2025-02-28 14:41:22,199 [INFO] WebApp:221 - Starting web application
2025-02-28 14:41:22,199 [INFO] WebApp:579 - Web application path used C:\ST\STM32CubeIDE_1.17.0\STM32CubeIDE\plugins\com.st.stm32cube.common.mx_6.13.0.202411220809\db\plugins\mcufinder\reactClient1\index.html
2025-02-28 14:41:22,284 [INFO] UserAuth:486 - Internet connection configuration mode: 1
2025-02-28 14:41:22,334 [INFO] WebApp:187 - Connection restablished
2025-02-28 14:41:23,343 [WARN] PackLoader:240 - Cannot read IP mode file for STMicroelectronics.FP-SNS-MOTENVWB1.1.4.0
2025-02-28 14:41:23,352 [WARN] PackLoader:240 - Cannot read IP mode file for STMicroelectronics.FP-ATR-ASTRA1.2.0.2
2025-02-28 14:41:23,360 [WARN] PackLoader:240 - Cannot read IP mode file for STMicroelectronics.X-CUBE-SMBUS.2.1.0
2025-02-28 14:41:23,369 [WARN] PackLoader:240 - Cannot read IP mode file for STMicroelectronics.X-CUBE-WB05N.1.1.0
2025-02-28 14:41:23,389 [WARN] PackLoader:240 - Cannot read IP mode file for STMicroelectronics.X-CUBE-AZRTOS-F7.1.1.0
2025-02-28 14:41:23,399 [WARN] PackLoader:240 - Cannot read IP mode file for STMicroelectronics.FP-SNS-FLIGHT1.5.0.2
2025-02-28 14:41:23,416 [WARN] PackLoader:240 - Cannot read IP mode file for Infineon.AIROC-Wi-Fi-Bluetooth-STM32.1.7.0
2025-02-28 14:41:23,429 [WARN] PackLoader:240 - Cannot read IP mode file for STMicroelectronics.X-CUBE-DISPLAY.3.0.0
2025-02-28 14:41:23,439 [WARN] PackLoader:240 - Cannot read IP mode file for STMicroelectronics.X-CUBE-BLE1.7.0.0
2025-02-28 14:41:23,445 [WARN] PackLoader:240 - Cannot read IP mode file for STMicroelectronics.X-CUBE-NFC10.1.0.0
2025-02-28 14:41:23,456 [WARN] PackLoader:240 - Cannot read IP mode file for STMicroelectronics.X-CUBE-BLEMGR.4.0.0
2025-02-28 14:41:23,465 [WARN] PackLoader:240 - Cannot read IP mode file for emotas.I-CUBE-CANOPEN.1.3.0
2025-02-28 14:41:23,472 [WARN] PackLoader:240 - Cannot read IP mode file for STMicroelectronics.X-CUBE-AI.10.0.0
2025-02-28 14:41:23,479 [WARN] PackLoader:240 - Cannot read IP mode file for STMicroelectronics.FP-SNS-SMARTAG2.1.2.0
2025-02-28 14:41:23,502 [WARN] PackLoader:240 - Cannot read IP mode file for STMicroelectronics.X-CUBE-MEMS1.11.1.0
2025-02-28 14:41:23,571 [INFO] LogOutputStream:77 - [STDOUT_REDIRECT] 1 : Invalid condition id : UX_CORESTACK_Condition cause : null
2025-02-28 14:41:23,571 [INFO] LogOutputStream:77 - [STDOUT_REDIRECT] 1 : Invalid condition id : UX_CORESTACK_Condition cause : null
2025-02-28 14:41:23,571 [INFO] LogOutputStream:77 - [STDOUT_REDIRECT] 1 : Invalid condition id : UX_CORESTACK_Condition cause : null
2025-02-28 14:41:23,573 [INFO] LogOutputStream:77 - [STDOUT_REDIRECT] 1 : Invalid condition id : UX_CORESTACK_Condition cause : null
2025-02-28 14:41:23,573 [INFO] LogOutputStream:77 - [STDOUT_REDIRECT] 1 : Invalid condition id : UX_CORESTACK_Condition cause : null
2025-02-28 14:41:23,574 [WARN] PackLoader:240 - Cannot read IP mode file for STMicroelectronics.X-CUBE-AZRTOS-WL.2.0.0
2025-02-28 14:41:23,584 [WARN] PackLoader:240 - Cannot read IP mode file for STMicroelectronics.FP-SNS-MOTENV1.5.0.0
2025-02-28 14:41:23,592 [WARN] PackLoader:240 - Cannot read IP mode file for WES.I-CUBE-Cesium.1.3.0
2025-02-28 14:41:23,600 [WARN] PackLoader:240 - Cannot read IP mode file for STMicroelectronics.X-CUBE-BLE2.3.3.0
2025-02-28 14:41:23,608 [WARN] PackLoader:240 - Cannot read IP mode file for STMicroelectronics.X-CUBE-NFC9.1.0.0
2025-02-28 14:41:23,614 [WARN] PackLoader:240 - Cannot read IP mode file for wolfSSL.I-CUBE-wolfMQTT.1.19.2
2025-02-28 14:41:23,625 [WARN] PackLoader:240 - Cannot read IP mode file for STMicroelectronics.X-CUBE-AZRTOS-G0.1.1.0
2025-02-28 14:41:23,633 [WARN] PackLoader:240 - Cannot read IP mode file for STMicroelectronics.X-CUBE-SAFEA1.1.2.2
2025-02-28 14:41:23,640 [WARN] PackLoader:240 - Cannot read IP mode file for STMicroelectronics.X-CUBE-NFC4.3.0.0
2025-02-28 14:41:23,649 [WARN] PackLoader:240 - Cannot read IP mode file for EmbeddedOffice.I-CUBE-FS-RTOS.1.0.1
2025-02-28 14:41:23,655 [WARN] PackLoader:240 - Cannot read IP mode file for wolfSSL.I-CUBE-wolfTPM.3.8.0
2025-02-28 14:41:23,664 [WARN] PackLoader:240 - Cannot read IP mode file for STMicroelectronics.X-CUBE-TCPP.4.2.0
2025-02-28 14:41:23,670 [WARN] PackLoader:240 - Cannot read IP mode file for RealThread.X-CUBE-RT-Thread_Nano.4.1.1
2025-02-28 14:41:23,676 [WARN] PackLoader:240 - Cannot read IP mode file for STMicroelectronics.FP-ATR-SIGFOX1.3.2.0
2025-02-28 14:41:23,681 [WARN] ConditionMgr:438 - getConditionDescription Invalid condition id : Cortex-A Device cause : null
2025-02-28 14:41:23,692 [WARN] ConditionMgr:1044 - genDependencies : Invalid condition id : Cortex-A Device cause : null
2025-02-28 14:41:23,692 [WARN] ConditionMgr:1044 - genDependencies : Invalid condition id : Cortex-A Device cause : null
2025-02-28 14:41:23,692 [WARN] ConditionMgr:1044 - genDependencies : Invalid condition id : Cortex-A Device cause : null
2025-02-28 14:41:23,698 [WARN] PackLoader:240 - Cannot read IP mode file for STMicroelectronics.X-CUBE-EEPRMA1.5.1.0
2025-02-28 14:41:23,704 [WARN] PackLoader:240 - Cannot read IP mode file for wolfSSL.I-CUBE-wolfSSL.5.7.6
2025-02-28 14:41:23,712 [WARN] PackLoader:240 - Cannot read IP mode file for ITTIA_DB.I-CUBE-ITTIADB.8.9.0
2025-02-28 14:41:23,724 [WARN] PackLoader:240 - Cannot read IP mode file for SEGGER.I-CUBE-embOS.1.3.1
2025-02-28 14:41:23,745 [WARN] PackLoader:240 - Cannot read IP mode file for STMicroelectronics.X-CUBE-ALGOBUILD.1.4.0
2025-02-28 14:41:23,762 [WARN] PackLoader:240 - Cannot read IP mode file for STMicroelectronics.X-CUBE-AZRTOS-F4.1.1.0
2025-02-28 14:41:23,772 [WARN] PackLoader:240 - Cannot read IP mode file for STMicroelectronics.X-CUBE-ISPU.2.1.0
2025-02-28 14:41:23,786 [WARN] PackLoader:240 - Cannot read IP mode file for STMicroelectronics.X-CUBE-AZRTOS-L5.2.0.0
2025-02-28 14:41:23,794 [WARN] PackLoader:240 - Cannot read IP mode file for STMicroelectronics.X-CUBE-NFC6.3.1.0
2025-02-28 14:41:23,802 [WARN] PackLoader:240 - Cannot read IP mode file for STMicroelectronics.X-CUBE-DPower.1.2.0
2025-02-28 14:41:23,809 [WARN] PackLoader:240 - Cannot read IP mode file for STMicroelectronics.X-CUBE-FREERTOS.1.3.0
2025-02-28 14:41:23,816 [WARN] PackLoader:240 - Cannot read IP mode file for STMicroelectronics.X-CUBE-NFC7.1.0.1
2025-02-28 14:41:23,832 [WARN] ConditionMgr:438 - getConditionDescription Invalid condition id : LAN8742 Phy interface Condition cause : null
2025-02-28 14:41:23,832 [WARN] PackLoader:240 - Cannot read IP mode file for STMicroelectronics.X-CUBE-AZRTOS-L4.2.0.0
2025-02-28 14:41:23,833 [WARN] ConditionMgr:1044 - genDependencies : Invalid condition id : LAN8742 Phy interface Condition cause : null
2025-02-28 14:41:23,833 [WARN] ConditionMgr:1044 - genDependencies : Invalid condition id : LAN8742 Phy interface Condition cause : null
2025-02-28 14:41:23,834 [WARN] ConditionMgr:1044 - genDependencies : Invalid condition id : LAN8742 Phy interface Condition cause : null
2025-02-28 14:41:23,845 [WARN] PackLoader:240 - Cannot read IP mode file for STMicroelectronics.X-CUBE-SFXS2LP1.4.0.0
2025-02-28 14:41:23,877 [WARN] PackLoader:240 - Cannot read IP mode file for STMicroelectronics.X-CUBE-AZRTOS-H7.3.3.0
2025-02-28 14:41:23,895 [WARN] ConditionMgr:438 - getConditionDescription Invalid condition id : UX DEVICE CLASS RTOS Condition cause : null
2025-02-28 14:41:23,895 [WARN] ConditionMgr:438 - getConditionDescription Invalid condition id : UX DEVICE CLASS RTOS Condition cause : null
2025-02-28 14:41:23,897 [WARN] PackLoader:240 - Cannot read IP mode file for STMicroelectronics.X-CUBE-AZRTOS-WB.2.0.0
2025-02-28 14:41:23,897 [WARN] ConditionMgr:1044 - genDependencies : Invalid condition id : UX DEVICE CLASS RTOS Condition cause : null
2025-02-28 14:41:23,897 [WARN] ConditionMgr:1044 - genDependencies : Invalid condition id : UX DEVICE CLASS RTOS Condition cause : null
2025-02-28 14:41:23,897 [WARN] ConditionMgr:1044 - genDependencies : Invalid condition id : UX DEVICE CLASS RTOS Condition cause : null
2025-02-28 14:41:23,897 [WARN] ConditionMgr:1044 - genDependencies : Invalid condition id : UX DEVICE CLASS RTOS Condition cause : null
2025-02-28 14:41:23,897 [WARN] ConditionMgr:1044 - genDependencies : Invalid condition id : UX DEVICE CLASS RTOS Condition cause : null
2025-02-28 14:41:23,909 [WARN] PackLoader:240 - Cannot read IP mode file for STMicroelectronics.X-CUBE-GNSS1.7.0.1
2025-02-28 14:41:23,917 [WARN] PackLoader:240 - Cannot read IP mode file for STMicroelectronics.FP-SNS-STBOX1.2.0.0
2025-02-28 14:41:23,927 [WARN] PackLoader:240 - Cannot read IP mode file for STMicroelectronics.X-CUBE-SUBG2.5.0.0
2025-02-28 14:41:23,937 [WARN] PackLoader:240 - Cannot read IP mode file for Cesanta.I-CUBE-Mongoose.7.13.0
2025-02-28 14:41:23,949 [WARN] PackLoader:240 - Cannot read IP mode file for STMicroelectronics.X-CUBE-AZRTOS-G4.2.0.0
2025-02-28 14:41:23,956 [WARN] PackLoader:240 - Cannot read IP mode file for wolfSSL.I-CUBE-wolfSSH.1.4.20
2025-02-28 14:41:23,965 [WARN] PackLoader:240 - Cannot read IP mode file for STMicroelectronics.X-CUBE-IPS.3.1.0
2025-02-28 14:41:23,975 [WARN] PackLoader:240 - Cannot read IP mode file for STMicroelectronics.X-CUBE-ALS.1.0.2
2025-02-28 14:41:23,982 [WARN] PackLoader:240 - Cannot read IP mode file for STMicroelectronics.X-CUBE-TOUCHGFX.4.24.2
2025-02-28 14:41:23,989 [WARN] PackLoader:240 - Cannot read IP mode file for portGmbH.I-Cube-SoM-uGOAL.1.1.0
2025-02-28 14:41:24,003 [WARN] PackLoader:240 - Cannot read IP mode file for STMicroelectronics.X-CUBE-AZRTOS-H7RS.1.0.0
2025-02-28 14:41:24,014 [WARN] PackLoader:240 - Cannot read IP mode file for STMicroelectronics.X-CUBE-TOF1.3.4.2
2025-02-28 14:41:24,016 [INFO] ThirdParty:978 - Integrity check success = true
2025-02-28 14:41:24,016 [INFO] IntegrityCheckThread:100 - exiting critical section [integrity check]
2025-02-28 14:41:24,016 [INFO] IntegrityCheckThread:103 - End integrity checks thread
2025-02-28 19:35:40,529 [ERROR] LogOutputStream:75 - [STDERR_REDIRECT] 
2025-02-28 19:35:40,530 [ERROR] LogOutputStream:75 - [STDERR_REDIRECT] 
2025-02-28 21:08:05,632 [INFO] Activator:176 - 


2025-02-28 21:08:05,633 [INFO] Activator:177 - !SESSION log4j initialized
2025-02-28 21:08:09,036 [INFO] LogOutputStream:77 - [STDOUT_REDIRECT] 
2025-02-28 21:08:09,636 [INFO] ApplicationProperties:184 - Using Application install path: C:\ST\STM32CubeIDE_1.17.0\STM32CubeIDE\plugins\com.st.stm32cube.common.mx_6.13.0.202411220809
2025-02-28 21:08:09,646 [INFO] DbMcusXml:78 - Set database path to: C:\ST\STM32CubeIDE_1.17.0\STM32CubeIDE\plugins\com.st.stm32cube.common.mx_6.13.0.202411220809\\db\/mcu/
2025-02-28 21:08:09,646 [INFO] ApiDb:274 - Set plugin database path to: C:\ST\STM32CubeIDE_1.17.0\STM32CubeIDE\plugins\com.st.stm32cube.common.mx_6.13.0.202411220809\\db\/plugins/boardmanager/
2025-02-28 21:08:09,646 [WARN] ApiDb:259 - Overriding images path with different value:  => C:\ST\STM32CubeIDE_1.17.0\STM32CubeIDE\plugins\com.st.stm32cube.common.mx_6.13.0.202411220809\\db\/plugins/mcufinder/images/
2025-02-28 21:08:09,650 [INFO] ApiDb:250 - Set database path to: C:\Users\benja\.stmcufinder\plugins\mcufinder//mcu/
2025-02-28 21:08:09,650 [INFO] DbMcusAds:125 - Set database path to: C:\Users\benja\.stmcufinder\plugins\mcufinder//mcu/
2025-02-28 21:08:09,651 [INFO] CrossReferenceDbSqlite:203 - Set database path to: C:\Users\benja\.stmcufinder\plugins\mcufinder//mcu/cs/
2025-02-28 21:08:09,706 [INFO] RulesReader:64 - Compatibility file has been processed (297 Rules)
2025-02-28 21:08:09,751 [INFO] DbMcusXml:78 - Set database path to: C:\ST\STM32CubeIDE_1.17.0\STM32CubeIDE\plugins\com.st.stm32cube.common.mx_6.13.0.202411220809\\db\/mcu/
2025-02-28 21:08:09,751 [INFO] ApiDb:274 - Set plugin database path to: C:\ST\STM32CubeIDE_1.17.0\STM32CubeIDE\plugins\com.st.stm32cube.common.mx_6.13.0.202411220809\\db\/plugins/boardmanager/
2025-02-28 21:08:09,751 [INFO] ApiDb:261 - Set plugin images path to: C:\ST\STM32CubeIDE_1.17.0\STM32CubeIDE\plugins\com.st.stm32cube.common.mx_6.13.0.202411220809\\db\/plugins/mcufinder/images/
2025-02-28 21:08:09,751 [WARN] DbFile:41 - Overriding database path with different value: C:\Users\benja\.stmcufinder\plugins\mcufinder/ => C:\Users\benja\.stmcufinder\plugins\mcufinder
2025-02-28 21:08:09,751 [INFO] ApiDb:250 - Set database path to: C:\Users\benja\.stmcufinder\plugins\mcufinder//mcu/
2025-02-28 21:08:09,751 [WARN] DbFile:41 - Overriding database path with different value: C:\Users\benja\.stmcufinder\plugins\mcufinder/ => C:\Users\benja\.stmcufinder\plugins\mcufinder
2025-02-28 21:08:09,751 [INFO] DbMcusAds:125 - Set database path to: C:\Users\benja\.stmcufinder\plugins\mcufinder//mcu/
2025-02-28 21:08:09,751 [WARN] DbFile:41 - Overriding database path with different value: C:\Users\benja\.stmcufinder\plugins\mcufinder/ => C:\Users\benja\.stmcufinder\plugins\mcufinder
2025-02-28 21:08:09,751 [WARN] DbFile:41 - Overriding database path with different value: C:\Users\benja\.stmcufinder\plugins\mcufinder/ => C:\Users\benja\.stmcufinder\plugins\mcufinder
2025-02-28 21:08:09,751 [INFO] CrossReferenceDbSqlite:203 - Set database path to: C:\Users\benja\.stmcufinder\plugins\mcufinder//mcu/cs/
2025-02-28 21:08:09,787 [INFO] MainPanel:272 - HeapMemory: 268435456
2025-02-28 21:08:09,841 [INFO] DbMcusXml:78 - Set database path to: C:\ST\STM32CubeIDE_1.17.0\STM32CubeIDE\plugins\com.st.stm32cube.common.mx_6.13.0.202411220809\\db\/mcu/
2025-02-28 21:08:09,842 [INFO] ApiDb:274 - Set plugin database path to: C:\ST\STM32CubeIDE_1.17.0\STM32CubeIDE\plugins\com.st.stm32cube.common.mx_6.13.0.202411220809\\db\/plugins/boardmanager/
2025-02-28 21:08:09,842 [INFO] ApiDb:261 - Set plugin images path to: C:\ST\STM32CubeIDE_1.17.0\STM32CubeIDE\plugins\com.st.stm32cube.common.mx_6.13.0.202411220809\\db\/plugins/mcufinder/images/
2025-02-28 21:08:09,842 [WARN] DbFile:41 - Overriding database path with different value: C:\Users\benja\.stmcufinder\plugins\mcufinder/ => C:\Users\benja\.stmcufinder\plugins\mcufinder
2025-02-28 21:08:09,842 [INFO] ApiDb:250 - Set database path to: C:\Users\benja\.stmcufinder\plugins\mcufinder//mcu/
2025-02-28 21:08:09,842 [WARN] DbFile:41 - Overriding database path with different value: C:\Users\benja\.stmcufinder\plugins\mcufinder/ => C:\Users\benja\.stmcufinder\plugins\mcufinder
2025-02-28 21:08:09,842 [INFO] DbMcusAds:125 - Set database path to: C:\Users\benja\.stmcufinder\plugins\mcufinder//mcu/
2025-02-28 21:08:09,842 [WARN] DbFile:41 - Overriding database path with different value: C:\Users\benja\.stmcufinder\plugins\mcufinder/ => C:\Users\benja\.stmcufinder\plugins\mcufinder
2025-02-28 21:08:09,842 [WARN] DbFile:41 - Overriding database path with different value: C:\Users\benja\.stmcufinder\plugins\mcufinder/ => C:\Users\benja\.stmcufinder\plugins\mcufinder
2025-02-28 21:08:09,842 [INFO] CrossReferenceDbSqlite:203 - Set database path to: C:\Users\benja\.stmcufinder\plugins\mcufinder//mcu/cs/
2025-02-28 21:08:09,850 [INFO] ApplicationProperties:184 - Using Application install path: C:\ST\STM32CubeIDE_1.17.0\STM32CubeIDE\plugins\com.st.stm32cube.common.mx_6.13.0.202411220809
2025-02-28 21:08:09,851 [INFO] PluginManage:196 - Search for loadable plugins [exclusion list=, ]
2025-02-28 21:08:09,851 [INFO] PluginManage:310 - Check plugin analytics
2025-02-28 21:08:09,937 [INFO] AnalyticsPlugin:253 - Accepted Software Licenses: 
2025-02-28 21:08:09,937 [INFO] AnalyticsPlugin:255 - Accepted CMSIS Pack Licenses: 
2025-02-28 21:08:09,937 [INFO] AnalyticsPlugin:257 - Accepted Firmware Licenses: FW.F4.1.28.0
2025-02-28 21:08:09,938 [INFO] PluginManage:359 - Loaded plugin analytics (category:tool,tabindex:-1)
2025-02-28 21:08:09,939 [INFO] PluginManage:310 - Check plugin cadmodel
2025-02-28 21:08:09,949 [INFO] CADModel:105 - Init CAD model plugin
2025-02-28 21:08:09,949 [INFO] PluginManage:359 - Loaded plugin cadmodel (category:power,tabindex:5)
2025-02-28 21:08:09,949 [INFO] PluginManage:310 - Check plugin clock
2025-02-28 21:08:09,959 [INFO] PluginManage:359 - Loaded plugin clock (category:base,tabindex:2)
2025-02-28 21:08:09,959 [INFO] PluginManage:310 - Check plugin ddr
2025-02-28 21:08:09,961 [INFO] PluginManage:359 - Loaded plugin ddr (category:tool,tabindex:6)
2025-02-28 21:08:09,961 [INFO] PluginManage:310 - Check plugin filemanager
2025-02-28 21:08:10,032 [INFO] PluginManage:359 - Loaded plugin filemanager (category:base,tabindex:10)
2025-02-28 21:08:10,033 [INFO] PluginManage:310 - Check plugin ipmanager
2025-02-28 21:08:10,036 [INFO] PluginManage:359 - Loaded plugin ipmanager (category:base,tabindex:5)
2025-02-28 21:08:10,036 [INFO] PluginManage:310 - Check plugin lpbam
2025-02-28 21:08:10,048 [INFO] PluginManage:359 - Loaded plugin lpbam (category:base,tabindex:0)
2025-02-28 21:08:10,048 [INFO] PluginManage:310 - Check plugin memorymap
2025-02-28 21:08:10,060 [INFO] PluginManage:359 - Loaded plugin memorymap (category:base,tabindex:4)
2025-02-28 21:08:10,060 [INFO] PluginManage:310 - Check plugin pinoutandconfiguration
2025-02-28 21:08:10,069 [INFO] PluginManage:359 - Loaded plugin pinoutandconfiguration (category:base,tabindex:1)
2025-02-28 21:08:10,069 [INFO] PluginManage:310 - Check plugin pinoutconfig
2025-02-28 21:08:10,113 [WARN] SupportedApi:132 - Cannot load RTOS API schema: s4s-elt-must-match.1: The content of 'definitions' must match (annotation?, (simpleType | complexType)?, (unique | key | keyref)*)). A problem was found starting at: attribute.
2025-02-28 21:08:10,175 [INFO] PluginManage:359 - Loaded plugin pinoutconfig (category:base,tabindex:0)
2025-02-28 21:08:10,175 [INFO] PluginManage:310 - Check plugin power
2025-02-28 21:08:10,187 [INFO] PluginManage:359 - Loaded plugin power (category:power,tabindex:4)
2025-02-28 21:08:10,187 [INFO] PluginManage:310 - Check plugin projectmanager
2025-02-28 21:08:10,194 [INFO] PluginManage:359 - Loaded plugin projectmanager (category:projectmanager,tabindex:4)
2025-02-28 21:08:10,194 [INFO] PluginManage:310 - Check plugin rif
2025-02-28 21:08:10,205 [INFO] PluginManage:359 - Loaded plugin rif (category:base,tabindex:3)
2025-02-28 21:08:10,205 [INFO] PluginManage:310 - Check plugin thirdparty
2025-02-28 21:08:10,314 [INFO] PluginManage:359 - Loaded plugin thirdparty (category:base,tabindex:-1)
2025-02-28 21:08:10,314 [WARN] IntegrityCheckThread:84 - waiting for thirdparty lock release [integrity check]
2025-02-28 21:08:10,314 [INFO] PluginManage:310 - Check plugin tools
2025-02-28 21:08:10,314 [INFO] IntegrityCheckThread:86 - entering critical section [integrity check]
2025-02-28 21:08:10,314 [INFO] ThirdPartyUpdaterWithRetryManager:70 - Updater plugin not ready yet. [1/15]
2025-02-28 21:08:10,334 [INFO] PluginManage:359 - Loaded plugin tools (category:base,tabindex:7)
2025-02-28 21:08:10,334 [INFO] PluginManage:310 - Check plugin tutovideos
2025-02-28 21:08:10,425 [INFO] PluginManage:359 - Loaded plugin tutovideos (category:base,tabindex:-1)
2025-02-28 21:08:10,425 [INFO] PluginManage:310 - Check plugin updater
2025-02-28 21:08:10,435 [INFO] PluginManage:359 - Loaded plugin updater (category:base,tabindex:12)
2025-02-28 21:08:10,435 [INFO] PluginManage:310 - Check plugin userauth
2025-02-28 21:08:10,437 [INFO] UserAuth:118 - Init User Auth plugin
2025-02-28 21:08:10,438 [INFO] PluginManage:359 - Loaded plugin userauth (category:base,tabindex:14)
2025-02-28 21:08:10,438 [INFO] PluginManage:283 - PluginManage : Loaded plugins [18]
2025-02-28 21:08:10,540 [INFO] PinOutPanel:1589 - setPackage(No Configuration,No Configuration)
2025-02-28 21:08:10,580 [INFO] CADModel:165 - CPN selected for project level
2025-02-28 21:08:10,580 [INFO] CADModel:114 - Register for checkConnection events
2025-02-28 21:08:10,595 [INFO] IPUIPlugin:80 - create IPUIPlugin
2025-02-28 21:08:10,595 [INFO] PluginManager:220 - loadIPPluginJar : add adc
2025-02-28 21:08:10,614 [INFO] IPUIPlugin:80 - create IPUIPlugin
2025-02-28 21:08:10,614 [INFO] PluginManager:220 - loadIPPluginJar : add aes
2025-02-28 21:08:10,635 [INFO] IPUIPlugin:80 - create IPUIPlugin
2025-02-28 21:08:10,635 [INFO] PluginManager:220 - loadIPPluginJar : add can
2025-02-28 21:08:10,647 [INFO] IPUIPlugin:80 - create IPUIPlugin
2025-02-28 21:08:10,647 [INFO] PluginManager:220 - loadIPPluginJar : add comp
2025-02-28 21:08:10,664 [INFO] IPUIPlugin:80 - create IPUIPlugin
2025-02-28 21:08:10,664 [INFO] PluginManager:220 - loadIPPluginJar : add cryp
2025-02-28 21:08:10,671 [INFO] IPUIPlugin:80 - create IPUIPlugin
2025-02-28 21:08:10,671 [INFO] PluginManager:220 - loadIPPluginJar : add ddr_ctrl_phy
2025-02-28 21:08:10,687 [INFO] IPUIPlugin:80 - create IPUIPlugin
2025-02-28 21:08:10,687 [INFO] PluginManager:220 - loadIPPluginJar : add dfsdm
2025-02-28 21:08:10,694 [INFO] IPUIPlugin:80 - create IPUIPlugin
2025-02-28 21:08:10,694 [INFO] PluginManager:220 - loadIPPluginJar : add dma
2025-02-28 21:08:10,715 [INFO] IPUIPlugin:80 - create IPUIPlugin
2025-02-28 21:08:10,715 [INFO] PluginManager:220 - loadIPPluginJar : add dma3
2025-02-28 21:08:10,737 [INFO] IPUIPlugin:80 - create IPUIPlugin
2025-02-28 21:08:10,737 [INFO] PluginManager:220 - loadIPPluginJar : add extmemmanager
2025-02-28 21:08:10,738 [INFO] IPUIPlugin:80 - create IPUIPlugin
2025-02-28 21:08:10,739 [INFO] PluginManager:220 - loadIPPluginJar : add fatfs
2025-02-28 21:08:10,763 [INFO] IPUIPlugin:80 - create IPUIPlugin
2025-02-28 21:08:10,763 [INFO] PluginManager:220 - loadIPPluginJar : add fmc
2025-02-28 21:08:10,771 [INFO] IPUIPlugin:80 - create IPUIPlugin
2025-02-28 21:08:10,771 [INFO] PluginManager:220 - loadIPPluginJar : add freertos
2025-02-28 21:08:10,772 [INFO] IPUIPlugin:80 - create IPUIPlugin
2025-02-28 21:08:10,772 [INFO] PluginManager:220 - loadIPPluginJar : add genericplugin
2025-02-28 21:08:10,818 [INFO] IPUIPlugin:80 - create IPUIPlugin
2025-02-28 21:08:10,818 [INFO] PluginManager:220 - loadIPPluginJar : add gfxmmu
2025-02-28 21:08:10,884 [INFO] IPUIPlugin:80 - create IPUIPlugin
2025-02-28 21:08:10,884 [INFO] PluginManager:220 - loadIPPluginJar : add gic
2025-02-28 21:08:10,892 [INFO] IPUIPlugin:80 - create IPUIPlugin
2025-02-28 21:08:10,892 [INFO] PluginManager:220 - loadIPPluginJar : add gpio
2025-02-28 21:08:10,940 [INFO] IPUIPlugin:80 - create IPUIPlugin
2025-02-28 21:08:10,940 [INFO] PluginManager:220 - loadIPPluginJar : add gtzc
2025-02-28 21:08:10,941 [INFO] IPUIPlugin:80 - create IPUIPlugin
2025-02-28 21:08:10,941 [INFO] PluginManager:220 - loadIPPluginJar : add hash
2025-02-28 21:08:10,967 [INFO] IPUIPlugin:80 - create IPUIPlugin
2025-02-28 21:08:10,967 [INFO] PluginManager:220 - loadIPPluginJar : add i2c
2025-02-28 21:08:10,986 [INFO] IPUIPlugin:80 - create IPUIPlugin
2025-02-28 21:08:10,986 [INFO] PluginManager:220 - loadIPPluginJar : add i2s
2025-02-28 21:08:11,008 [INFO] IPUIPlugin:80 - create IPUIPlugin
2025-02-28 21:08:11,008 [INFO] PluginManager:220 - loadIPPluginJar : add i3c
2025-02-28 21:08:11,060 [INFO] IPUIPlugin:80 - create IPUIPlugin
2025-02-28 21:08:11,060 [INFO] PluginManager:220 - loadIPPluginJar : add ipddr
2025-02-28 21:08:11,107 [INFO] IPUIPlugin:80 - create IPUIPlugin
2025-02-28 21:08:11,107 [INFO] PluginManager:220 - loadIPPluginJar : add linkedlist
2025-02-28 21:08:11,125 [INFO] IPUIPlugin:80 - create IPUIPlugin
2025-02-28 21:08:11,125 [INFO] PluginManager:220 - loadIPPluginJar : add lorawan
2025-02-28 21:08:11,143 [INFO] IPUIPlugin:80 - create IPUIPlugin
2025-02-28 21:08:11,144 [INFO] PluginManager:220 - loadIPPluginJar : add ltdc
2025-02-28 21:08:11,151 [INFO] IPUIPlugin:80 - create IPUIPlugin
2025-02-28 21:08:11,151 [INFO] PluginManager:220 - loadIPPluginJar : add mdma
2025-02-28 21:08:11,158 [INFO] IPUIPlugin:80 - create IPUIPlugin
2025-02-28 21:08:11,158 [INFO] PluginManager:220 - loadIPPluginJar : add nvic
2025-02-28 21:08:11,175 [INFO] IPUIPlugin:80 - create IPUIPlugin
2025-02-28 21:08:11,175 [INFO] PluginManager:220 - loadIPPluginJar : add opamp
2025-02-28 21:08:11,206 [INFO] IPUIPlugin:80 - create IPUIPlugin
2025-02-28 21:08:11,206 [INFO] PluginManager:220 - loadIPPluginJar : add openamp
2025-02-28 21:08:11,227 [INFO] IPUIPlugin:80 - create IPUIPlugin
2025-02-28 21:08:11,227 [INFO] PluginManager:220 - loadIPPluginJar : add pdm2pcm
2025-02-28 21:08:11,234 [INFO] IPUIPlugin:80 - create IPUIPlugin
2025-02-28 21:08:11,235 [INFO] PluginManager:220 - loadIPPluginJar : add plateformsettings
2025-02-28 21:08:11,246 [INFO] IPUIPlugin:80 - create IPUIPlugin
2025-02-28 21:08:11,246 [INFO] PluginManager:220 - loadIPPluginJar : add quadspi
2025-02-28 21:08:11,248 [INFO] IPUIPlugin:80 - create IPUIPlugin
2025-02-28 21:08:11,248 [INFO] PluginManager:220 - loadIPPluginJar : add radio
2025-02-28 21:08:11,254 [INFO] IPUIPlugin:80 - create IPUIPlugin
2025-02-28 21:08:11,254 [INFO] PluginManager:220 - loadIPPluginJar : add resmgrutility
2025-02-28 21:08:11,277 [INFO] IPUIPlugin:80 - create IPUIPlugin
2025-02-28 21:08:11,277 [INFO] PluginManager:220 - loadIPPluginJar : add sai
2025-02-28 21:08:11,295 [INFO] IPUIPlugin:80 - create IPUIPlugin
2025-02-28 21:08:11,295 [INFO] PluginManager:220 - loadIPPluginJar : add spi
2025-02-28 21:08:11,330 [INFO] IPUIPlugin:80 - create IPUIPlugin
2025-02-28 21:08:11,330 [INFO] PluginManager:220 - loadIPPluginJar : add stm32_wpan
2025-02-28 21:08:11,331 [INFO] IPUIPlugin:80 - create IPUIPlugin
2025-02-28 21:08:11,331 [INFO] PluginManager:220 - loadIPPluginJar : add tim
2025-02-28 21:08:11,362 [INFO] IPUIPlugin:80 - create IPUIPlugin
2025-02-28 21:08:11,362 [INFO] PluginManager:220 - loadIPPluginJar : add touchsensing
2025-02-28 21:08:11,374 [INFO] IPUIPlugin:80 - create IPUIPlugin
2025-02-28 21:08:11,374 [INFO] PluginManager:220 - loadIPPluginJar : add tracer_emb
2025-02-28 21:08:11,385 [INFO] IPUIPlugin:80 - create IPUIPlugin
2025-02-28 21:08:11,385 [INFO] PluginManager:220 - loadIPPluginJar : add ts
2025-02-28 21:08:11,396 [INFO] IPUIPlugin:80 - create IPUIPlugin
2025-02-28 21:08:11,397 [INFO] PluginManager:220 - loadIPPluginJar : add tsc
2025-02-28 21:08:11,397 [INFO] IPUIPlugin:80 - create IPUIPlugin
2025-02-28 21:08:11,397 [INFO] PluginManager:220 - loadIPPluginJar : add ucpd
2025-02-28 21:08:11,419 [INFO] IPUIPlugin:80 - create IPUIPlugin
2025-02-28 21:08:11,419 [INFO] PluginManager:220 - loadIPPluginJar : add usart
2025-02-28 21:08:11,440 [INFO] IPUIPlugin:80 - create IPUIPlugin
2025-02-28 21:08:11,440 [INFO] PluginManager:220 - loadIPPluginJar : add usbx
2025-02-28 21:08:11,545 [FATAL] Updater:351 - Updater called before beeing initialized
2025-02-28 21:08:11,555 [INFO] RulesReader:64 - Compatibility file has been processed (297 Rules)
2025-02-28 21:08:11,560 [INFO] RulesReader:64 - Compatibility file has been processed (297 Rules)
2025-02-28 21:08:11,565 [INFO] CADModel:165 - CPN selected for project level
2025-02-28 21:08:11,565 [INFO] CADModel:114 - Register for checkConnection events
2025-02-28 21:08:11,565 [FATAL] Updater:351 - Updater called before beeing initialized
2025-02-28 21:08:11,565 [ERROR] CADModel:125 - Updater not yet initialized, retry later 
2025-02-28 21:08:11,637 [FATAL] Updater:351 - Updater called before beeing initialized
2025-02-28 21:08:11,638 [INFO] CADModel:165 - CPN selected for project level
2025-02-28 21:08:11,638 [INFO] CADModel:114 - Register for checkConnection events
2025-02-28 21:08:11,638 [FATAL] Updater:351 - Updater called before beeing initialized
2025-02-28 21:08:11,638 [ERROR] CADModel:125 - Updater not yet initialized, retry later 
2025-02-28 21:08:11,639 [FATAL] Updater:351 - Updater called before beeing initialized
2025-02-28 21:08:11,689 [FATAL] Updater:351 - Updater called before beeing initialized
2025-02-28 21:08:11,696 [INFO] DbMcusAds:53 - JSON generation date=Thu Sep 30 08:55:09 CEST 2021 (1632984909247)
2025-02-28 21:08:11,696 [FATAL] Updater:351 - Updater called before beeing initialized
2025-02-28 21:08:11,716 [WARN] DetailPanel:346 - Failed to get advertising image, set to default
2025-02-28 21:08:11,831 [FATAL] Updater:351 - Updater called before beeing initialized
2025-02-28 21:08:11,833 [FATAL] Updater:351 - Updater called before beeing initialized
2025-02-28 21:08:11,833 [FATAL] Updater:351 - Updater called before beeing initialized
2025-02-28 21:08:11,833 [WARN] DetailPanel:346 - Failed to get advertising image, set to default
2025-02-28 21:08:11,833 [FATAL] Updater:351 - Updater called before beeing initialized
2025-02-28 21:08:11,867 [ERROR] Updater:1198 - MainUpdater not yet initialized. External WinMGr cannot be set.
2025-02-28 21:08:11,869 [INFO] Updater:1134 - Updater Version found : 6.13.0
2025-02-28 21:08:11,879 [INFO] ApplicationProperties:184 - Using Application install path: C:\ST\STM32CubeIDE_1.17.0\STM32CubeIDE\plugins\com.st.stm32cube.common.mx_6.13.0.202411220809
2025-02-28 21:08:13,316 [INFO] ThirdPartyUpdaterWithRetryManager:70 - Updater plugin not ready yet. [2/15]
2025-02-28 21:08:13,446 [ERROR] LogOutputStream:75 - [STDERR_REDIRECT] Feb 28, 2025 9:08:13 PM java.util.prefs.WindowsPreferences <init>
2025-02-28 21:08:13,446 [ERROR] LogOutputStream:75 - [STDERR_REDIRECT] WARNING: Could not open/create prefs root node Software\JavaSoft\Prefs at root 0xffffffff80000002. Windows RegCreateKeyEx(...) returned error code 5.
2025-02-28 21:08:13,446 [ERROR] LogOutputStream:75 - [STDERR_REDIRECT] 
2025-02-28 21:08:13,694 [INFO] MainUpdater:2872 - connection check result : 10
2025-02-28 21:08:13,694 [INFO] MainUpdater:289 - Updater Check For Update Now.
2025-02-28 21:08:13,694 [INFO] MicroXplorer:498 - Change Database Version : DB.6.0.130
2025-02-28 21:08:13,703 [INFO] McuFinderGlobals:63 - Set McuFinder mode to 2 (CubeIDE integrated)
2025-02-28 21:08:13,707 [INFO] UserAuth:486 - Internet connection configuration mode: 1
2025-02-28 21:08:13,724 [INFO] JxBrowserEngine:152 - Initiate JxBrowser Engine with user profile folder
2025-02-28 21:08:13,851 [INFO] CheckServerUpdateThread:120 - End of CheckServer Thread
2025-02-28 21:08:14,206 [INFO] WebApp:168 - Instantiating new browser for Auth
2025-02-28 21:08:14,545 [INFO] WebApp:449 - Apply proxy settings
2025-02-28 21:08:14,545 [INFO] WebApp:534 - Chromium requires no authentication
2025-02-28 21:08:14,550 [INFO] WebApp:477 - Direct internet connection detected
2025-02-28 21:08:14,562 [INFO] WebApp:880 - Register for checkConnection events
2025-02-28 21:08:14,562 [INFO] WebApp:449 - Apply proxy settings
2025-02-28 21:08:14,563 [INFO] WebApp:534 - Chromium requires no authentication
2025-02-28 21:08:14,563 [INFO] WebApp:477 - Direct internet connection detected
2025-02-28 21:08:14,648 [INFO] WebApp:221 - Starting web application
2025-02-28 21:08:14,648 [INFO] WebApp:579 - Web application path used C:\ST\STM32CubeIDE_1.17.0\STM32CubeIDE\plugins\com.st.stm32cube.common.mx_6.13.0.202411220809\db\plugins\mcufinder\reactClient1\index.html
2025-02-28 21:08:14,724 [INFO] UserAuth:486 - Internet connection configuration mode: 1
2025-02-28 21:08:14,826 [INFO] WebApp:187 - Connection restablished
2025-02-28 21:08:16,423 [WARN] PackLoader:240 - Cannot read IP mode file for STMicroelectronics.FP-SNS-MOTENVWB1.1.4.0
2025-02-28 21:08:16,433 [WARN] PackLoader:240 - Cannot read IP mode file for STMicroelectronics.FP-ATR-ASTRA1.2.0.2
2025-02-28 21:08:16,441 [WARN] PackLoader:240 - Cannot read IP mode file for STMicroelectronics.X-CUBE-SMBUS.2.1.0
2025-02-28 21:08:16,449 [WARN] PackLoader:240 - Cannot read IP mode file for STMicroelectronics.X-CUBE-WB05N.1.1.0
2025-02-28 21:08:16,467 [WARN] PackLoader:240 - Cannot read IP mode file for STMicroelectronics.X-CUBE-AZRTOS-F7.1.1.0
2025-02-28 21:08:16,476 [WARN] PackLoader:240 - Cannot read IP mode file for STMicroelectronics.FP-SNS-FLIGHT1.5.0.2
2025-02-28 21:08:16,493 [WARN] PackLoader:240 - Cannot read IP mode file for Infineon.AIROC-Wi-Fi-Bluetooth-STM32.1.7.0
2025-02-28 21:08:16,505 [WARN] PackLoader:240 - Cannot read IP mode file for STMicroelectronics.X-CUBE-DISPLAY.3.0.0
2025-02-28 21:08:16,514 [WARN] PackLoader:240 - Cannot read IP mode file for STMicroelectronics.X-CUBE-BLE1.7.0.0
2025-02-28 21:08:16,521 [WARN] PackLoader:240 - Cannot read IP mode file for STMicroelectronics.X-CUBE-NFC10.1.0.0
2025-02-28 21:08:16,530 [WARN] PackLoader:240 - Cannot read IP mode file for STMicroelectronics.X-CUBE-BLEMGR.4.0.0
2025-02-28 21:08:16,538 [WARN] PackLoader:240 - Cannot read IP mode file for emotas.I-CUBE-CANOPEN.1.3.0
2025-02-28 21:08:16,544 [WARN] PackLoader:240 - Cannot read IP mode file for STMicroelectronics.X-CUBE-AI.10.0.0
2025-02-28 21:08:16,550 [WARN] PackLoader:240 - Cannot read IP mode file for STMicroelectronics.FP-SNS-SMARTAG2.1.2.0
2025-02-28 21:08:16,577 [WARN] PackLoader:240 - Cannot read IP mode file for STMicroelectronics.X-CUBE-MEMS1.11.1.0
2025-02-28 21:08:16,660 [INFO] LogOutputStream:77 - [STDOUT_REDIRECT] 1 : Invalid condition id : UX_CORESTACK_Condition cause : null
2025-02-28 21:08:16,661 [INFO] LogOutputStream:77 - [STDOUT_REDIRECT] 1 : Invalid condition id : UX_CORESTACK_Condition cause : null
2025-02-28 21:08:16,661 [INFO] LogOutputStream:77 - [STDOUT_REDIRECT] 1 : Invalid condition id : UX_CORESTACK_Condition cause : null
2025-02-28 21:08:16,662 [INFO] LogOutputStream:77 - [STDOUT_REDIRECT] 1 : Invalid condition id : UX_CORESTACK_Condition cause : null
2025-02-28 21:08:16,662 [INFO] LogOutputStream:77 - [STDOUT_REDIRECT] 1 : Invalid condition id : UX_CORESTACK_Condition cause : null
2025-02-28 21:08:16,663 [WARN] PackLoader:240 - Cannot read IP mode file for STMicroelectronics.X-CUBE-AZRTOS-WL.2.0.0
2025-02-28 21:08:16,672 [WARN] PackLoader:240 - Cannot read IP mode file for STMicroelectronics.FP-SNS-MOTENV1.5.0.0
2025-02-28 21:08:16,680 [WARN] PackLoader:240 - Cannot read IP mode file for WES.I-CUBE-Cesium.1.3.0
2025-02-28 21:08:16,687 [WARN] PackLoader:240 - Cannot read IP mode file for STMicroelectronics.X-CUBE-BLE2.3.3.0
2025-02-28 21:08:16,693 [WARN] PackLoader:240 - Cannot read IP mode file for STMicroelectronics.X-CUBE-NFC9.1.0.0
2025-02-28 21:08:16,696 [WARN] PackLoader:240 - Cannot read IP mode file for wolfSSL.I-CUBE-wolfMQTT.1.19.2
2025-02-28 21:08:16,708 [WARN] PackLoader:240 - Cannot read IP mode file for STMicroelectronics.X-CUBE-AZRTOS-G0.1.1.0
2025-02-28 21:08:16,718 [WARN] PackLoader:240 - Cannot read IP mode file for STMicroelectronics.X-CUBE-SAFEA1.1.2.2
2025-02-28 21:08:16,727 [WARN] PackLoader:240 - Cannot read IP mode file for STMicroelectronics.X-CUBE-NFC4.3.0.0
2025-02-28 21:08:16,735 [WARN] PackLoader:240 - Cannot read IP mode file for EmbeddedOffice.I-CUBE-FS-RTOS.1.0.1
2025-02-28 21:08:16,737 [WARN] PackLoader:240 - Cannot read IP mode file for wolfSSL.I-CUBE-wolfTPM.3.8.0
2025-02-28 21:08:16,744 [WARN] PackLoader:240 - Cannot read IP mode file for STMicroelectronics.X-CUBE-TCPP.4.2.0
2025-02-28 21:08:16,750 [WARN] PackLoader:240 - Cannot read IP mode file for RealThread.X-CUBE-RT-Thread_Nano.4.1.1
2025-02-28 21:08:16,756 [WARN] PackLoader:240 - Cannot read IP mode file for STMicroelectronics.FP-ATR-SIGFOX1.3.2.0
2025-02-28 21:08:16,760 [WARN] ConditionMgr:438 - getConditionDescription Invalid condition id : Cortex-A Device cause : null
2025-02-28 21:08:16,766 [WARN] ConditionMgr:1044 - genDependencies : Invalid condition id : Cortex-A Device cause : null
2025-02-28 21:08:16,766 [WARN] ConditionMgr:1044 - genDependencies : Invalid condition id : Cortex-A Device cause : null
2025-02-28 21:08:16,766 [WARN] ConditionMgr:1044 - genDependencies : Invalid condition id : Cortex-A Device cause : null
2025-02-28 21:08:16,773 [WARN] PackLoader:240 - Cannot read IP mode file for STMicroelectronics.X-CUBE-EEPRMA1.5.1.0
2025-02-28 21:08:16,777 [WARN] PackLoader:240 - Cannot read IP mode file for wolfSSL.I-CUBE-wolfSSL.5.7.6
2025-02-28 21:08:16,784 [WARN] PackLoader:240 - Cannot read IP mode file for ITTIA_DB.I-CUBE-ITTIADB.8.9.0
2025-02-28 21:08:16,796 [WARN] PackLoader:240 - Cannot read IP mode file for SEGGER.I-CUBE-embOS.1.3.1
2025-02-28 21:08:16,810 [WARN] PackLoader:240 - Cannot read IP mode file for STMicroelectronics.X-CUBE-ALGOBUILD.1.4.0
2025-02-28 21:08:16,821 [WARN] PackLoader:240 - Cannot read IP mode file for STMicroelectronics.X-CUBE-AZRTOS-F4.1.1.0
2025-02-28 21:08:16,828 [WARN] PackLoader:240 - Cannot read IP mode file for STMicroelectronics.X-CUBE-ISPU.2.1.0
2025-02-28 21:08:16,839 [WARN] PackLoader:240 - Cannot read IP mode file for STMicroelectronics.X-CUBE-AZRTOS-L5.2.0.0
2025-02-28 21:08:16,846 [WARN] PackLoader:240 - Cannot read IP mode file for STMicroelectronics.X-CUBE-NFC6.3.1.0
2025-02-28 21:08:16,852 [WARN] PackLoader:240 - Cannot read IP mode file for STMicroelectronics.X-CUBE-DPower.1.2.0
2025-02-28 21:08:16,858 [WARN] PackLoader:240 - Cannot read IP mode file for STMicroelectronics.X-CUBE-FREERTOS.1.3.0
2025-02-28 21:08:16,863 [WARN] PackLoader:240 - Cannot read IP mode file for STMicroelectronics.X-CUBE-NFC7.1.0.1
2025-02-28 21:08:16,875 [WARN] ConditionMgr:438 - getConditionDescription Invalid condition id : LAN8742 Phy interface Condition cause : null
2025-02-28 21:08:16,876 [WARN] PackLoader:240 - Cannot read IP mode file for STMicroelectronics.X-CUBE-AZRTOS-L4.2.0.0
2025-02-28 21:08:16,876 [WARN] ConditionMgr:1044 - genDependencies : Invalid condition id : LAN8742 Phy interface Condition cause : null
2025-02-28 21:08:16,876 [WARN] ConditionMgr:1044 - genDependencies : Invalid condition id : LAN8742 Phy interface Condition cause : null
2025-02-28 21:08:16,876 [WARN] ConditionMgr:1044 - genDependencies : Invalid condition id : LAN8742 Phy interface Condition cause : null
2025-02-28 21:08:16,884 [WARN] PackLoader:240 - Cannot read IP mode file for STMicroelectronics.X-CUBE-SFXS2LP1.4.0.0
2025-02-28 21:08:16,900 [WARN] PackLoader:240 - Cannot read IP mode file for STMicroelectronics.X-CUBE-AZRTOS-H7.3.3.0
2025-02-28 21:08:16,912 [WARN] ConditionMgr:438 - getConditionDescription Invalid condition id : UX DEVICE CLASS RTOS Condition cause : null
2025-02-28 21:08:16,912 [WARN] ConditionMgr:438 - getConditionDescription Invalid condition id : UX DEVICE CLASS RTOS Condition cause : null
2025-02-28 21:08:16,912 [WARN] PackLoader:240 - Cannot read IP mode file for STMicroelectronics.X-CUBE-AZRTOS-WB.2.0.0
2025-02-28 21:08:16,913 [WARN] ConditionMgr:1044 - genDependencies : Invalid condition id : UX DEVICE CLASS RTOS Condition cause : null
2025-02-28 21:08:16,913 [WARN] ConditionMgr:1044 - genDependencies : Invalid condition id : UX DEVICE CLASS RTOS Condition cause : null
2025-02-28 21:08:16,913 [WARN] ConditionMgr:1044 - genDependencies : Invalid condition id : UX DEVICE CLASS RTOS Condition cause : null
2025-02-28 21:08:16,913 [WARN] ConditionMgr:1044 - genDependencies : Invalid condition id : UX DEVICE CLASS RTOS Condition cause : null
2025-02-28 21:08:16,913 [WARN] ConditionMgr:1044 - genDependencies : Invalid condition id : UX DEVICE CLASS RTOS Condition cause : null
2025-02-28 21:08:16,920 [WARN] PackLoader:240 - Cannot read IP mode file for STMicroelectronics.X-CUBE-GNSS1.7.0.1
2025-02-28 21:08:16,927 [WARN] PackLoader:240 - Cannot read IP mode file for STMicroelectronics.FP-SNS-STBOX1.2.0.0
2025-02-28 21:08:16,937 [WARN] PackLoader:240 - Cannot read IP mode file for STMicroelectronics.X-CUBE-SUBG2.5.0.0
2025-02-28 21:08:16,945 [WARN] PackLoader:240 - Cannot read IP mode file for Cesanta.I-CUBE-Mongoose.7.13.0
2025-02-28 21:08:16,955 [WARN] PackLoader:240 - Cannot read IP mode file for STMicroelectronics.X-CUBE-AZRTOS-G4.2.0.0
2025-02-28 21:08:16,961 [WARN] PackLoader:240 - Cannot read IP mode file for wolfSSL.I-CUBE-wolfSSH.1.4.20
2025-02-28 21:08:16,971 [WARN] PackLoader:240 - Cannot read IP mode file for STMicroelectronics.X-CUBE-IPS.3.1.0
2025-02-28 21:08:16,977 [WARN] PackLoader:240 - Cannot read IP mode file for STMicroelectronics.X-CUBE-ALS.1.0.2
2025-02-28 21:08:16,984 [WARN] PackLoader:240 - Cannot read IP mode file for STMicroelectronics.X-CUBE-TOUCHGFX.4.24.2
2025-02-28 21:08:16,989 [WARN] PackLoader:240 - Cannot read IP mode file for portGmbH.I-Cube-SoM-uGOAL.1.1.0
2025-02-28 21:08:17,002 [WARN] PackLoader:240 - Cannot read IP mode file for STMicroelectronics.X-CUBE-AZRTOS-H7RS.1.0.0
2025-02-28 21:08:17,011 [WARN] PackLoader:240 - Cannot read IP mode file for STMicroelectronics.X-CUBE-TOF1.3.4.2
2025-02-28 21:08:17,014 [INFO] ThirdParty:978 - Integrity check success = true
2025-02-28 21:08:17,014 [INFO] IntegrityCheckThread:100 - exiting critical section [integrity check]
2025-02-28 21:08:17,014 [INFO] IntegrityCheckThread:103 - End integrity checks thread
2025-02-28 22:22:08,542 [ERROR] LogOutputStream:75 - [STDERR_REDIRECT] 
