2025-03-13 13:12:45,001 [INFO] Activator:176 - 


2025-03-13 13:12:45,004 [INFO] Activator:177 - !SESSION log4j initialized
2025-03-13 13:12:48,188 [INFO] LogOutputStream:77 - [STDOUT_REDIRECT] 
2025-03-13 13:12:49,117 [INFO] ApplicationProperties:184 - Using Application install path: C:\ST\STM32CubeIDE_1.17.0\STM32CubeIDE\plugins\com.st.stm32cube.common.mx_6.13.0.202411220809
2025-03-13 13:12:49,126 [INFO] DbMcusXml:78 - Set database path to: C:\ST\STM32CubeIDE_1.17.0\STM32CubeIDE\plugins\com.st.stm32cube.common.mx_6.13.0.202411220809\\db\/mcu/
2025-03-13 13:12:49,126 [INFO] ApiDb:274 - Set plugin database path to: C:\ST\STM32CubeIDE_1.17.0\STM32CubeIDE\plugins\com.st.stm32cube.common.mx_6.13.0.202411220809\\db\/plugins/boardmanager/
2025-03-13 13:12:49,126 [WARN] ApiDb:259 - Overriding images path with different value:  => C:\ST\STM32CubeIDE_1.17.0\STM32CubeIDE\plugins\com.st.stm32cube.common.mx_6.13.0.202411220809\\db\/plugins/mcufinder/images/
2025-03-13 13:12:49,130 [INFO] ApiDb:250 - Set database path to: C:\Users\benja\.stmcufinder\plugins\mcufinder//mcu/
2025-03-13 13:12:49,130 [INFO] DbMcusAds:125 - Set database path to: C:\Users\benja\.stmcufinder\plugins\mcufinder//mcu/
2025-03-13 13:12:49,132 [INFO] CrossReferenceDbSqlite:203 - Set database path to: C:\Users\benja\.stmcufinder\plugins\mcufinder//mcu/cs/
2025-03-13 13:12:49,182 [INFO] RulesReader:64 - Compatibility file has been processed (297 Rules)
2025-03-13 13:12:49,229 [INFO] DbMcusXml:78 - Set database path to: C:\ST\STM32CubeIDE_1.17.0\STM32CubeIDE\plugins\com.st.stm32cube.common.mx_6.13.0.202411220809\\db\/mcu/
2025-03-13 13:12:49,229 [INFO] ApiDb:274 - Set plugin database path to: C:\ST\STM32CubeIDE_1.17.0\STM32CubeIDE\plugins\com.st.stm32cube.common.mx_6.13.0.202411220809\\db\/plugins/boardmanager/
2025-03-13 13:12:49,229 [INFO] ApiDb:261 - Set plugin images path to: C:\ST\STM32CubeIDE_1.17.0\STM32CubeIDE\plugins\com.st.stm32cube.common.mx_6.13.0.202411220809\\db\/plugins/mcufinder/images/
2025-03-13 13:12:49,229 [WARN] DbFile:41 - Overriding database path with different value: C:\Users\benja\.stmcufinder\plugins\mcufinder/ => C:\Users\benja\.stmcufinder\plugins\mcufinder
2025-03-13 13:12:49,229 [INFO] ApiDb:250 - Set database path to: C:\Users\benja\.stmcufinder\plugins\mcufinder//mcu/
2025-03-13 13:12:49,229 [WARN] DbFile:41 - Overriding database path with different value: C:\Users\benja\.stmcufinder\plugins\mcufinder/ => C:\Users\benja\.stmcufinder\plugins\mcufinder
2025-03-13 13:12:49,229 [INFO] DbMcusAds:125 - Set database path to: C:\Users\benja\.stmcufinder\plugins\mcufinder//mcu/
2025-03-13 13:12:49,229 [WARN] DbFile:41 - Overriding database path with different value: C:\Users\benja\.stmcufinder\plugins\mcufinder/ => C:\Users\benja\.stmcufinder\plugins\mcufinder
2025-03-13 13:12:49,229 [WARN] DbFile:41 - Overriding database path with different value: C:\Users\benja\.stmcufinder\plugins\mcufinder/ => C:\Users\benja\.stmcufinder\plugins\mcufinder
2025-03-13 13:12:49,229 [INFO] CrossReferenceDbSqlite:203 - Set database path to: C:\Users\benja\.stmcufinder\plugins\mcufinder//mcu/cs/
2025-03-13 13:12:49,267 [INFO] MainPanel:272 - HeapMemory: 268435456
2025-03-13 13:12:49,323 [INFO] DbMcusXml:78 - Set database path to: C:\ST\STM32CubeIDE_1.17.0\STM32CubeIDE\plugins\com.st.stm32cube.common.mx_6.13.0.202411220809\\db\/mcu/
2025-03-13 13:12:49,323 [INFO] ApiDb:274 - Set plugin database path to: C:\ST\STM32CubeIDE_1.17.0\STM32CubeIDE\plugins\com.st.stm32cube.common.mx_6.13.0.202411220809\\db\/plugins/boardmanager/
2025-03-13 13:12:49,323 [INFO] ApiDb:261 - Set plugin images path to: C:\ST\STM32CubeIDE_1.17.0\STM32CubeIDE\plugins\com.st.stm32cube.common.mx_6.13.0.202411220809\\db\/plugins/mcufinder/images/
2025-03-13 13:12:49,323 [WARN] DbFile:41 - Overriding database path with different value: C:\Users\benja\.stmcufinder\plugins\mcufinder/ => C:\Users\benja\.stmcufinder\plugins\mcufinder
2025-03-13 13:12:49,323 [INFO] ApiDb:250 - Set database path to: C:\Users\benja\.stmcufinder\plugins\mcufinder//mcu/
2025-03-13 13:12:49,323 [WARN] DbFile:41 - Overriding database path with different value: C:\Users\benja\.stmcufinder\plugins\mcufinder/ => C:\Users\benja\.stmcufinder\plugins\mcufinder
2025-03-13 13:12:49,324 [INFO] DbMcusAds:125 - Set database path to: C:\Users\benja\.stmcufinder\plugins\mcufinder//mcu/
2025-03-13 13:12:49,324 [WARN] DbFile:41 - Overriding database path with different value: C:\Users\benja\.stmcufinder\plugins\mcufinder/ => C:\Users\benja\.stmcufinder\plugins\mcufinder
2025-03-13 13:12:49,324 [WARN] DbFile:41 - Overriding database path with different value: C:\Users\benja\.stmcufinder\plugins\mcufinder/ => C:\Users\benja\.stmcufinder\plugins\mcufinder
2025-03-13 13:12:49,324 [INFO] CrossReferenceDbSqlite:203 - Set database path to: C:\Users\benja\.stmcufinder\plugins\mcufinder//mcu/cs/
2025-03-13 13:12:49,333 [INFO] ApplicationProperties:184 - Using Application install path: C:\ST\STM32CubeIDE_1.17.0\STM32CubeIDE\plugins\com.st.stm32cube.common.mx_6.13.0.202411220809
2025-03-13 13:12:49,333 [INFO] PluginManage:196 - Search for loadable plugins [exclusion list=, ]
2025-03-13 13:12:49,334 [INFO] PluginManage:310 - Check plugin analytics
2025-03-13 13:12:49,426 [INFO] AnalyticsPlugin:253 - Accepted Software Licenses: 
2025-03-13 13:12:49,426 [INFO] AnalyticsPlugin:255 - Accepted CMSIS Pack Licenses: 
2025-03-13 13:12:49,426 [INFO] AnalyticsPlugin:257 - Accepted Firmware Licenses: FW.F4.1.28.0
2025-03-13 13:12:49,428 [INFO] PluginManage:359 - Loaded plugin analytics (category:tool,tabindex:-1)
2025-03-13 13:12:49,428 [INFO] PluginManage:310 - Check plugin cadmodel
2025-03-13 13:12:49,439 [INFO] CADModel:105 - Init CAD model plugin
2025-03-13 13:12:49,439 [INFO] PluginManage:359 - Loaded plugin cadmodel (category:power,tabindex:5)
2025-03-13 13:12:49,440 [INFO] PluginManage:310 - Check plugin clock
2025-03-13 13:12:49,449 [INFO] PluginManage:359 - Loaded plugin clock (category:base,tabindex:2)
2025-03-13 13:12:49,449 [INFO] PluginManage:310 - Check plugin ddr
2025-03-13 13:12:49,451 [INFO] PluginManage:359 - Loaded plugin ddr (category:tool,tabindex:6)
2025-03-13 13:12:49,451 [INFO] PluginManage:310 - Check plugin filemanager
2025-03-13 13:12:49,522 [INFO] PluginManage:359 - Loaded plugin filemanager (category:base,tabindex:10)
2025-03-13 13:12:49,522 [INFO] PluginManage:310 - Check plugin ipmanager
2025-03-13 13:12:49,526 [INFO] PluginManage:359 - Loaded plugin ipmanager (category:base,tabindex:5)
2025-03-13 13:12:49,526 [INFO] PluginManage:310 - Check plugin lpbam
2025-03-13 13:12:49,536 [INFO] PluginManage:359 - Loaded plugin lpbam (category:base,tabindex:0)
2025-03-13 13:12:49,536 [INFO] PluginManage:310 - Check plugin memorymap
2025-03-13 13:12:49,548 [INFO] PluginManage:359 - Loaded plugin memorymap (category:base,tabindex:4)
2025-03-13 13:12:49,548 [INFO] PluginManage:310 - Check plugin pinoutandconfiguration
2025-03-13 13:12:49,557 [INFO] PluginManage:359 - Loaded plugin pinoutandconfiguration (category:base,tabindex:1)
2025-03-13 13:12:49,557 [INFO] PluginManage:310 - Check plugin pinoutconfig
2025-03-13 13:12:49,608 [WARN] SupportedApi:132 - Cannot load RTOS API schema: s4s-elt-must-match.1: The content of 'definitions' must match (annotation?, (simpleType | complexType)?, (unique | key | keyref)*)). A problem was found starting at: attribute.
2025-03-13 13:12:49,669 [INFO] PluginManage:359 - Loaded plugin pinoutconfig (category:base,tabindex:0)
2025-03-13 13:12:49,669 [INFO] PluginManage:310 - Check plugin power
2025-03-13 13:12:49,681 [INFO] PluginManage:359 - Loaded plugin power (category:power,tabindex:4)
2025-03-13 13:12:49,681 [INFO] PluginManage:310 - Check plugin projectmanager
2025-03-13 13:12:49,689 [INFO] PluginManage:359 - Loaded plugin projectmanager (category:projectmanager,tabindex:4)
2025-03-13 13:12:49,689 [INFO] PluginManage:310 - Check plugin rif
2025-03-13 13:12:49,698 [INFO] PluginManage:359 - Loaded plugin rif (category:base,tabindex:3)
2025-03-13 13:12:49,698 [INFO] PluginManage:310 - Check plugin thirdparty
2025-03-13 13:12:49,827 [INFO] PluginManage:359 - Loaded plugin thirdparty (category:base,tabindex:-1)
2025-03-13 13:12:49,827 [WARN] IntegrityCheckThread:84 - waiting for thirdparty lock release [integrity check]
2025-03-13 13:12:49,827 [INFO] PluginManage:310 - Check plugin tools
2025-03-13 13:12:49,827 [INFO] IntegrityCheckThread:86 - entering critical section [integrity check]
2025-03-13 13:12:49,828 [INFO] ThirdPartyUpdaterWithRetryManager:70 - Updater plugin not ready yet. [1/15]
2025-03-13 13:12:49,845 [INFO] PluginManage:359 - Loaded plugin tools (category:base,tabindex:7)
2025-03-13 13:12:49,845 [INFO] PluginManage:310 - Check plugin tutovideos
2025-03-13 13:12:49,936 [INFO] PluginManage:359 - Loaded plugin tutovideos (category:base,tabindex:-1)
2025-03-13 13:12:49,936 [INFO] PluginManage:310 - Check plugin updater
2025-03-13 13:12:49,946 [INFO] PluginManage:359 - Loaded plugin updater (category:base,tabindex:12)
2025-03-13 13:12:49,946 [INFO] PluginManage:310 - Check plugin userauth
2025-03-13 13:12:49,948 [INFO] UserAuth:118 - Init User Auth plugin
2025-03-13 13:12:49,948 [INFO] PluginManage:359 - Loaded plugin userauth (category:base,tabindex:14)
2025-03-13 13:12:49,949 [INFO] PluginManage:283 - PluginManage : Loaded plugins [18]
2025-03-13 13:12:50,049 [INFO] PinOutPanel:1589 - setPackage(No Configuration,No Configuration)
2025-03-13 13:12:50,092 [INFO] CADModel:165 - CPN selected for project level
2025-03-13 13:12:50,092 [INFO] CADModel:114 - Register for checkConnection events
2025-03-13 13:12:50,107 [INFO] IPUIPlugin:80 - create IPUIPlugin
2025-03-13 13:12:50,107 [INFO] PluginManager:220 - loadIPPluginJar : add adc
2025-03-13 13:12:50,126 [INFO] IPUIPlugin:80 - create IPUIPlugin
2025-03-13 13:12:50,126 [INFO] PluginManager:220 - loadIPPluginJar : add aes
2025-03-13 13:12:50,145 [INFO] IPUIPlugin:80 - create IPUIPlugin
2025-03-13 13:12:50,145 [INFO] PluginManager:220 - loadIPPluginJar : add can
2025-03-13 13:12:50,158 [INFO] IPUIPlugin:80 - create IPUIPlugin
2025-03-13 13:12:50,158 [INFO] PluginManager:220 - loadIPPluginJar : add comp
2025-03-13 13:12:50,174 [INFO] IPUIPlugin:80 - create IPUIPlugin
2025-03-13 13:12:50,174 [INFO] PluginManager:220 - loadIPPluginJar : add cryp
2025-03-13 13:12:50,180 [INFO] IPUIPlugin:80 - create IPUIPlugin
2025-03-13 13:12:50,180 [INFO] PluginManager:220 - loadIPPluginJar : add ddr_ctrl_phy
2025-03-13 13:12:50,194 [INFO] IPUIPlugin:80 - create IPUIPlugin
2025-03-13 13:12:50,194 [INFO] PluginManager:220 - loadIPPluginJar : add dfsdm
2025-03-13 13:12:50,201 [INFO] IPUIPlugin:80 - create IPUIPlugin
2025-03-13 13:12:50,201 [INFO] PluginManager:220 - loadIPPluginJar : add dma
2025-03-13 13:12:50,219 [INFO] IPUIPlugin:80 - create IPUIPlugin
2025-03-13 13:12:50,220 [INFO] PluginManager:220 - loadIPPluginJar : add dma3
2025-03-13 13:12:50,242 [INFO] IPUIPlugin:80 - create IPUIPlugin
2025-03-13 13:12:50,242 [INFO] PluginManager:220 - loadIPPluginJar : add extmemmanager
2025-03-13 13:12:50,252 [INFO] IPUIPlugin:80 - create IPUIPlugin
2025-03-13 13:12:50,252 [INFO] PluginManager:220 - loadIPPluginJar : add fatfs
2025-03-13 13:12:50,276 [INFO] IPUIPlugin:80 - create IPUIPlugin
2025-03-13 13:12:50,276 [INFO] PluginManager:220 - loadIPPluginJar : add fmc
2025-03-13 13:12:50,283 [INFO] IPUIPlugin:80 - create IPUIPlugin
2025-03-13 13:12:50,283 [INFO] PluginManager:220 - loadIPPluginJar : add freertos
2025-03-13 13:12:50,295 [INFO] IPUIPlugin:80 - create IPUIPlugin
2025-03-13 13:12:50,295 [INFO] PluginManager:220 - loadIPPluginJar : add genericplugin
2025-03-13 13:12:50,339 [INFO] IPUIPlugin:80 - create IPUIPlugin
2025-03-13 13:12:50,339 [INFO] PluginManager:220 - loadIPPluginJar : add gfxmmu
2025-03-13 13:12:50,404 [INFO] IPUIPlugin:80 - create IPUIPlugin
2025-03-13 13:12:50,404 [INFO] PluginManager:220 - loadIPPluginJar : add gic
2025-03-13 13:12:50,409 [INFO] IPUIPlugin:80 - create IPUIPlugin
2025-03-13 13:12:50,409 [INFO] PluginManager:220 - loadIPPluginJar : add gpio
2025-03-13 13:12:50,454 [INFO] IPUIPlugin:80 - create IPUIPlugin
2025-03-13 13:12:50,454 [INFO] PluginManager:220 - loadIPPluginJar : add gtzc
2025-03-13 13:12:50,469 [INFO] IPUIPlugin:80 - create IPUIPlugin
2025-03-13 13:12:50,469 [INFO] PluginManager:220 - loadIPPluginJar : add hash
2025-03-13 13:12:50,494 [INFO] IPUIPlugin:80 - create IPUIPlugin
2025-03-13 13:12:50,494 [INFO] PluginManager:220 - loadIPPluginJar : add i2c
2025-03-13 13:12:50,514 [INFO] IPUIPlugin:80 - create IPUIPlugin
2025-03-13 13:12:50,514 [INFO] PluginManager:220 - loadIPPluginJar : add i2s
2025-03-13 13:12:50,534 [INFO] IPUIPlugin:80 - create IPUIPlugin
2025-03-13 13:12:50,534 [INFO] PluginManager:220 - loadIPPluginJar : add i3c
2025-03-13 13:12:50,584 [INFO] IPUIPlugin:80 - create IPUIPlugin
2025-03-13 13:12:50,584 [INFO] PluginManager:220 - loadIPPluginJar : add ipddr
2025-03-13 13:12:50,630 [INFO] IPUIPlugin:80 - create IPUIPlugin
2025-03-13 13:12:50,630 [INFO] PluginManager:220 - loadIPPluginJar : add linkedlist
2025-03-13 13:12:50,647 [INFO] IPUIPlugin:80 - create IPUIPlugin
2025-03-13 13:12:50,647 [INFO] PluginManager:220 - loadIPPluginJar : add lorawan
2025-03-13 13:12:50,664 [INFO] IPUIPlugin:80 - create IPUIPlugin
2025-03-13 13:12:50,664 [INFO] PluginManager:220 - loadIPPluginJar : add ltdc
2025-03-13 13:12:50,670 [INFO] IPUIPlugin:80 - create IPUIPlugin
2025-03-13 13:12:50,670 [INFO] PluginManager:220 - loadIPPluginJar : add mdma
2025-03-13 13:12:50,677 [INFO] IPUIPlugin:80 - create IPUIPlugin
2025-03-13 13:12:50,677 [INFO] PluginManager:220 - loadIPPluginJar : add nvic
2025-03-13 13:12:50,695 [INFO] IPUIPlugin:80 - create IPUIPlugin
2025-03-13 13:12:50,695 [INFO] PluginManager:220 - loadIPPluginJar : add opamp
2025-03-13 13:12:50,723 [INFO] IPUIPlugin:80 - create IPUIPlugin
2025-03-13 13:12:50,724 [INFO] PluginManager:220 - loadIPPluginJar : add openamp
2025-03-13 13:12:50,745 [INFO] IPUIPlugin:80 - create IPUIPlugin
2025-03-13 13:12:50,745 [INFO] PluginManager:220 - loadIPPluginJar : add pdm2pcm
2025-03-13 13:12:50,751 [INFO] IPUIPlugin:80 - create IPUIPlugin
2025-03-13 13:12:50,752 [INFO] PluginManager:220 - loadIPPluginJar : add plateformsettings
2025-03-13 13:12:50,763 [INFO] IPUIPlugin:80 - create IPUIPlugin
2025-03-13 13:12:50,764 [INFO] PluginManager:220 - loadIPPluginJar : add quadspi
2025-03-13 13:12:50,777 [INFO] IPUIPlugin:80 - create IPUIPlugin
2025-03-13 13:12:50,777 [INFO] PluginManager:220 - loadIPPluginJar : add radio
2025-03-13 13:12:50,783 [INFO] IPUIPlugin:80 - create IPUIPlugin
2025-03-13 13:12:50,783 [INFO] PluginManager:220 - loadIPPluginJar : add resmgrutility
2025-03-13 13:12:50,805 [INFO] IPUIPlugin:80 - create IPUIPlugin
2025-03-13 13:12:50,805 [INFO] PluginManager:220 - loadIPPluginJar : add sai
2025-03-13 13:12:50,823 [INFO] IPUIPlugin:80 - create IPUIPlugin
2025-03-13 13:12:50,823 [INFO] PluginManager:220 - loadIPPluginJar : add spi
2025-03-13 13:12:50,858 [INFO] IPUIPlugin:80 - create IPUIPlugin
2025-03-13 13:12:50,858 [INFO] PluginManager:220 - loadIPPluginJar : add stm32_wpan
2025-03-13 13:12:50,869 [INFO] IPUIPlugin:80 - create IPUIPlugin
2025-03-13 13:12:50,869 [INFO] PluginManager:220 - loadIPPluginJar : add tim
2025-03-13 13:12:50,899 [INFO] IPUIPlugin:80 - create IPUIPlugin
2025-03-13 13:12:50,899 [INFO] PluginManager:220 - loadIPPluginJar : add touchsensing
2025-03-13 13:12:50,910 [INFO] IPUIPlugin:80 - create IPUIPlugin
2025-03-13 13:12:50,910 [INFO] PluginManager:220 - loadIPPluginJar : add tracer_emb
2025-03-13 13:12:50,920 [INFO] IPUIPlugin:80 - create IPUIPlugin
2025-03-13 13:12:50,920 [INFO] PluginManager:220 - loadIPPluginJar : add ts
2025-03-13 13:12:50,931 [INFO] IPUIPlugin:80 - create IPUIPlugin
2025-03-13 13:12:50,931 [INFO] PluginManager:220 - loadIPPluginJar : add tsc
2025-03-13 13:12:50,941 [INFO] IPUIPlugin:80 - create IPUIPlugin
2025-03-13 13:12:50,941 [INFO] PluginManager:220 - loadIPPluginJar : add ucpd
2025-03-13 13:12:50,963 [INFO] IPUIPlugin:80 - create IPUIPlugin
2025-03-13 13:12:50,963 [INFO] PluginManager:220 - loadIPPluginJar : add usart
2025-03-13 13:12:50,983 [INFO] IPUIPlugin:80 - create IPUIPlugin
2025-03-13 13:12:50,983 [INFO] PluginManager:220 - loadIPPluginJar : add usbx
2025-03-13 13:12:51,083 [FATAL] Updater:351 - Updater called before beeing initialized
2025-03-13 13:12:51,094 [INFO] RulesReader:64 - Compatibility file has been processed (297 Rules)
2025-03-13 13:12:51,099 [INFO] RulesReader:64 - Compatibility file has been processed (297 Rules)
2025-03-13 13:12:51,103 [INFO] CADModel:165 - CPN selected for project level
2025-03-13 13:12:51,103 [INFO] CADModel:114 - Register for checkConnection events
2025-03-13 13:12:51,103 [FATAL] Updater:351 - Updater called before beeing initialized
2025-03-13 13:12:51,103 [ERROR] CADModel:125 - Updater not yet initialized, retry later 
2025-03-13 13:12:51,174 [FATAL] Updater:351 - Updater called before beeing initialized
2025-03-13 13:12:51,175 [INFO] CADModel:165 - CPN selected for project level
2025-03-13 13:12:51,176 [INFO] CADModel:114 - Register for checkConnection events
2025-03-13 13:12:51,176 [FATAL] Updater:351 - Updater called before beeing initialized
2025-03-13 13:12:51,176 [ERROR] CADModel:125 - Updater not yet initialized, retry later 
2025-03-13 13:12:51,177 [FATAL] Updater:351 - Updater called before beeing initialized
2025-03-13 13:12:51,229 [FATAL] Updater:351 - Updater called before beeing initialized
2025-03-13 13:12:51,236 [INFO] DbMcusAds:53 - JSON generation date=Thu Sep 30 08:55:09 CEST 2021 (1632984909247)
2025-03-13 13:12:51,236 [FATAL] Updater:351 - Updater called before beeing initialized
2025-03-13 13:12:51,256 [WARN] DetailPanel:346 - Failed to get advertising image, set to default
2025-03-13 13:12:51,374 [FATAL] Updater:351 - Updater called before beeing initialized
2025-03-13 13:12:51,375 [FATAL] Updater:351 - Updater called before beeing initialized
2025-03-13 13:12:51,375 [FATAL] Updater:351 - Updater called before beeing initialized
2025-03-13 13:12:51,375 [WARN] DetailPanel:346 - Failed to get advertising image, set to default
2025-03-13 13:12:51,375 [FATAL] Updater:351 - Updater called before beeing initialized
2025-03-13 13:12:51,407 [ERROR] Updater:1198 - MainUpdater not yet initialized. External WinMGr cannot be set.
2025-03-13 13:12:51,412 [INFO] Updater:1134 - Updater Version found : 6.13.0
2025-03-13 13:12:51,422 [INFO] ApplicationProperties:184 - Using Application install path: C:\ST\STM32CubeIDE_1.17.0\STM32CubeIDE\plugins\com.st.stm32cube.common.mx_6.13.0.202411220809
2025-03-13 13:12:52,829 [INFO] ThirdPartyUpdaterWithRetryManager:70 - Updater plugin not ready yet. [2/15]
2025-03-13 13:12:52,989 [ERROR] LogOutputStream:75 - [STDERR_REDIRECT] Mar 13, 2025 1:12:52 PM java.util.prefs.WindowsPreferences <init>
2025-03-13 13:12:52,989 [ERROR] LogOutputStream:75 - [STDERR_REDIRECT] WARNING: Could not open/create prefs root node Software\JavaSoft\Prefs at root 0xffffffff80000002. Windows RegCreateKeyEx(...) returned error code 5.
2025-03-13 13:12:52,989 [ERROR] LogOutputStream:75 - [STDERR_REDIRECT] 
2025-03-13 13:12:53,222 [INFO] MainUpdater:2872 - connection check result : 10
2025-03-13 13:12:53,222 [INFO] MainUpdater:3566 - Updater definition file requires update
2025-03-13 13:12:53,223 [INFO] MainUpdater:289 - Updater Check For Update Now.
2025-03-13 13:12:53,223 [INFO] MicroXplorer:498 - Change Database Version : DB.6.0.130
2025-03-13 13:12:53,239 [INFO] McuFinderGlobals:63 - Set McuFinder mode to 2 (CubeIDE integrated)
2025-03-13 13:12:53,241 [INFO] UserAuth:486 - Internet connection configuration mode: 1
2025-03-13 13:12:53,254 [INFO] JxBrowserEngine:152 - Initiate JxBrowser Engine with user profile folder
2025-03-13 13:12:53,269 [INFO] ServerAccessManage:473 - Download File updaters.zip
2025-03-13 13:12:53,397 [INFO] FileExtend:240 - Unzip File : updaters.zip
2025-03-13 13:12:53,397 [INFO] FileExtend:255 - Standard Zip Deflate
2025-03-13 13:12:53,720 [INFO] ServerAccessManage:473 - Download File PacksControlFlags.xml
2025-03-13 13:12:53,789 [INFO] ServerAccessManage:473 - Download File cubemx.pidx
2025-03-13 13:12:53,916 [INFO] WebApp:168 - Instantiating new browser for Auth
2025-03-13 13:12:54,029 [INFO] ServerAccessManage:473 - Download File STMicroelectronics.FP-SNS-FLIGHT1.pdsc
2025-03-13 13:12:54,324 [INFO] WebApp:449 - Apply proxy settings
2025-03-13 13:12:54,324 [INFO] WebApp:534 - Chromium requires no authentication
2025-03-13 13:12:54,330 [INFO] WebApp:477 - Direct internet connection detected
2025-03-13 13:12:54,342 [INFO] WebApp:880 - Register for checkConnection events
2025-03-13 13:12:54,342 [INFO] WebApp:449 - Apply proxy settings
2025-03-13 13:12:54,342 [INFO] WebApp:534 - Chromium requires no authentication
2025-03-13 13:12:54,342 [INFO] WebApp:477 - Direct internet connection detected
2025-03-13 13:12:54,640 [INFO] WebApp:187 - Connection restablished
2025-03-13 13:12:54,646 [INFO] WebApp:221 - Starting web application
2025-03-13 13:12:54,646 [INFO] WebApp:579 - Web application path used C:\ST\STM32CubeIDE_1.17.0\STM32CubeIDE\plugins\com.st.stm32cube.common.mx_6.13.0.202411220809\db\plugins\mcufinder\reactClient1\index.html
2025-03-13 13:12:54,706 [INFO] ServerAccessManage:473 - Download File STMicroelectronics.X-CUBE-TOUCHGFX.pdsc
2025-03-13 13:12:54,729 [INFO] UserAuth:486 - Internet connection configuration mode: 1
2025-03-13 13:12:55,830 [WARN] MainUpdater:1193 - Updater busy. Cannot search thirdparties
2025-03-13 13:12:55,830 [INFO] ThirdPartyUpdaterWithRetryManager:96 - Updater plugin is busy. [1/15]
2025-03-13 13:12:56,752 [WARN] PackLoader:240 - Cannot read IP mode file for STMicroelectronics.FP-SNS-FLIGHT1.5.1.0
2025-03-13 13:12:56,755 [WARN] PackLoader:240 - Cannot read IP mode file for STMicroelectronics.X-CUBE-TOUCHGFX.4.25.0
2025-03-13 13:12:56,755 [INFO] PopulateThirdPartyThread:66 - Ending populate Thread
2025-03-13 13:12:56,757 [INFO] ThirdParty:1030 - CMSIS Pack Vendor :STMicroelectronics FP-SNS-FLIGHT1 5.1.0
2025-03-13 13:12:56,757 [INFO] ThirdParty:1030 - CMSIS Pack Vendor :STMicroelectronics X-CUBE-TOUCHGFX 4.25.0
2025-03-13 13:12:56,757 [INFO] LoadServerUpdatesThread:375 - End of LoadServerUpdate Thread
2025-03-13 13:12:56,855 [INFO] CheckServerUpdateThread:120 - End of CheckServer Thread
2025-03-13 13:12:58,915 [WARN] PackLoader:240 - Cannot read IP mode file for STMicroelectronics.FP-SNS-MOTENVWB1.1.4.0
2025-03-13 13:12:58,919 [WARN] PackLoader:240 - Cannot read IP mode file for STMicroelectronics.FP-ATR-ASTRA1.2.0.2
2025-03-13 13:12:58,927 [WARN] PackLoader:240 - Cannot read IP mode file for STMicroelectronics.X-CUBE-SMBUS.2.1.0
2025-03-13 13:12:58,933 [WARN] PackLoader:240 - Cannot read IP mode file for STMicroelectronics.X-CUBE-WB05N.1.1.0
2025-03-13 13:12:58,950 [WARN] PackLoader:240 - Cannot read IP mode file for STMicroelectronics.X-CUBE-AZRTOS-F7.1.1.0
2025-03-13 13:12:58,954 [WARN] PackLoader:240 - Cannot read IP mode file for STMicroelectronics.FP-SNS-FLIGHT1.5.0.2
2025-03-13 13:12:58,967 [WARN] PackLoader:240 - Cannot read IP mode file for Infineon.AIROC-Wi-Fi-Bluetooth-STM32.1.7.0
2025-03-13 13:12:58,975 [WARN] PackLoader:240 - Cannot read IP mode file for STMicroelectronics.X-CUBE-DISPLAY.3.0.0
2025-03-13 13:12:58,984 [WARN] PackLoader:240 - Cannot read IP mode file for STMicroelectronics.X-CUBE-BLE1.7.0.0
2025-03-13 13:12:58,989 [WARN] PackLoader:240 - Cannot read IP mode file for STMicroelectronics.X-CUBE-NFC10.1.0.0
2025-03-13 13:12:58,996 [WARN] PackLoader:240 - Cannot read IP mode file for STMicroelectronics.X-CUBE-BLEMGR.4.0.0
2025-03-13 13:12:59,004 [WARN] PackLoader:240 - Cannot read IP mode file for emotas.I-CUBE-CANOPEN.1.3.0
2025-03-13 13:12:59,009 [WARN] PackLoader:240 - Cannot read IP mode file for STMicroelectronics.X-CUBE-AI.10.0.0
2025-03-13 13:12:59,013 [WARN] PackLoader:240 - Cannot read IP mode file for STMicroelectronics.FP-SNS-SMARTAG2.1.2.0
2025-03-13 13:12:59,014 [WARN] PackLoader:240 - Cannot read IP mode file for STMicroelectronics.FP-SNS-FLIGHT1.5.1.0
2025-03-13 13:12:59,035 [WARN] PackLoader:240 - Cannot read IP mode file for STMicroelectronics.X-CUBE-MEMS1.11.1.0
2025-03-13 13:12:59,089 [INFO] LogOutputStream:77 - [STDOUT_REDIRECT] 1 : Invalid condition id : UX_CORESTACK_Condition cause : null
2025-03-13 13:12:59,089 [INFO] LogOutputStream:77 - [STDOUT_REDIRECT] 1 : Invalid condition id : UX_CORESTACK_Condition cause : null
2025-03-13 13:12:59,090 [INFO] LogOutputStream:77 - [STDOUT_REDIRECT] 1 : Invalid condition id : UX_CORESTACK_Condition cause : null
2025-03-13 13:12:59,090 [INFO] LogOutputStream:77 - [STDOUT_REDIRECT] 1 : Invalid condition id : UX_CORESTACK_Condition cause : null
2025-03-13 13:12:59,090 [INFO] LogOutputStream:77 - [STDOUT_REDIRECT] 1 : Invalid condition id : UX_CORESTACK_Condition cause : null
2025-03-13 13:12:59,092 [WARN] PackLoader:240 - Cannot read IP mode file for STMicroelectronics.X-CUBE-AZRTOS-WL.2.0.0
2025-03-13 13:12:59,098 [WARN] PackLoader:240 - Cannot read IP mode file for STMicroelectronics.FP-SNS-MOTENV1.5.0.0
2025-03-13 13:12:59,105 [WARN] PackLoader:240 - Cannot read IP mode file for WES.I-CUBE-Cesium.1.3.0
2025-03-13 13:12:59,110 [WARN] PackLoader:240 - Cannot read IP mode file for STMicroelectronics.X-CUBE-BLE2.3.3.0
2025-03-13 13:12:59,114 [WARN] PackLoader:240 - Cannot read IP mode file for STMicroelectronics.X-CUBE-NFC9.1.0.0
2025-03-13 13:12:59,119 [WARN] PackLoader:240 - Cannot read IP mode file for STMicroelectronics.X-CUBE-BLE1.7.1.0
2025-03-13 13:12:59,122 [WARN] PackLoader:240 - Cannot read IP mode file for wolfSSL.I-CUBE-wolfMQTT.1.19.2
2025-03-13 13:12:59,132 [WARN] PackLoader:240 - Cannot read IP mode file for STMicroelectronics.X-CUBE-AZRTOS-G0.1.1.0
2025-03-13 13:12:59,138 [WARN] PackLoader:240 - Cannot read IP mode file for STMicroelectronics.X-CUBE-SAFEA1.1.2.2
2025-03-13 13:12:59,143 [WARN] PackLoader:240 - Cannot read IP mode file for STMicroelectronics.X-CUBE-NFC4.3.0.0
2025-03-13 13:12:59,150 [WARN] PackLoader:240 - Cannot read IP mode file for EmbeddedOffice.I-CUBE-FS-RTOS.1.0.1
2025-03-13 13:12:59,152 [WARN] PackLoader:240 - Cannot read IP mode file for wolfSSL.I-CUBE-wolfTPM.3.8.0
2025-03-13 13:12:59,157 [WARN] PackLoader:240 - Cannot read IP mode file for STMicroelectronics.X-CUBE-TCPP.4.2.0
2025-03-13 13:12:59,163 [WARN] PackLoader:240 - Cannot read IP mode file for RealThread.X-CUBE-RT-Thread_Nano.4.1.1
2025-03-13 13:12:59,165 [WARN] PackLoader:240 - Cannot read IP mode file for STMicroelectronics.FP-ATR-SIGFOX1.3.2.0
2025-03-13 13:12:59,167 [WARN] ConditionMgr:438 - getConditionDescription Invalid condition id : Cortex-A Device cause : null
2025-03-13 13:12:59,175 [WARN] ConditionMgr:1044 - genDependencies : Invalid condition id : Cortex-A Device cause : null
2025-03-13 13:12:59,175 [WARN] ConditionMgr:1044 - genDependencies : Invalid condition id : Cortex-A Device cause : null
2025-03-13 13:12:59,175 [WARN] ConditionMgr:1044 - genDependencies : Invalid condition id : Cortex-A Device cause : null
2025-03-13 13:12:59,180 [WARN] PackLoader:240 - Cannot read IP mode file for STMicroelectronics.X-CUBE-EEPRMA1.5.1.0
2025-03-13 13:12:59,185 [WARN] PackLoader:240 - Cannot read IP mode file for wolfSSL.I-CUBE-wolfSSL.5.7.6
2025-03-13 13:12:59,191 [WARN] PackLoader:240 - Cannot read IP mode file for ITTIA_DB.I-CUBE-ITTIADB.8.9.0
2025-03-13 13:12:59,203 [WARN] PackLoader:240 - Cannot read IP mode file for SEGGER.I-CUBE-embOS.1.3.1
2025-03-13 13:12:59,216 [WARN] PackLoader:240 - Cannot read IP mode file for STMicroelectronics.X-CUBE-ALGOBUILD.1.4.0
2025-03-13 13:12:59,226 [WARN] PackLoader:240 - Cannot read IP mode file for STMicroelectronics.X-CUBE-AZRTOS-F4.1.1.0
2025-03-13 13:12:59,232 [WARN] PackLoader:240 - Cannot read IP mode file for STMicroelectronics.X-CUBE-ISPU.2.1.0
2025-03-13 13:12:59,241 [WARN] PackLoader:240 - Cannot read IP mode file for STMicroelectronics.X-CUBE-AZRTOS-L5.2.0.0
2025-03-13 13:12:59,247 [WARN] PackLoader:240 - Cannot read IP mode file for STMicroelectronics.X-CUBE-NFC6.3.1.0
2025-03-13 13:12:59,254 [WARN] PackLoader:240 - Cannot read IP mode file for STMicroelectronics.X-CUBE-DPower.1.2.0
2025-03-13 13:12:59,258 [WARN] PackLoader:240 - Cannot read IP mode file for STMicroelectronics.X-CUBE-FREERTOS.1.3.0
2025-03-13 13:12:59,264 [WARN] PackLoader:240 - Cannot read IP mode file for STMicroelectronics.X-CUBE-NFC7.1.0.1
2025-03-13 13:12:59,276 [WARN] ConditionMgr:438 - getConditionDescription Invalid condition id : LAN8742 Phy interface Condition cause : null
2025-03-13 13:12:59,276 [WARN] PackLoader:240 - Cannot read IP mode file for STMicroelectronics.X-CUBE-AZRTOS-L4.2.0.0
2025-03-13 13:12:59,276 [WARN] ConditionMgr:1044 - genDependencies : Invalid condition id : LAN8742 Phy interface Condition cause : null
2025-03-13 13:12:59,276 [WARN] ConditionMgr:1044 - genDependencies : Invalid condition id : LAN8742 Phy interface Condition cause : null
2025-03-13 13:12:59,276 [WARN] ConditionMgr:1044 - genDependencies : Invalid condition id : LAN8742 Phy interface Condition cause : null
2025-03-13 13:12:59,283 [WARN] PackLoader:240 - Cannot read IP mode file for STMicroelectronics.X-CUBE-SFXS2LP1.4.0.0
2025-03-13 13:12:59,295 [WARN] PackLoader:240 - Cannot read IP mode file for STMicroelectronics.X-CUBE-AZRTOS-H7.3.3.0
2025-03-13 13:12:59,304 [WARN] ConditionMgr:438 - getConditionDescription Invalid condition id : UX DEVICE CLASS RTOS Condition cause : null
2025-03-13 13:12:59,304 [WARN] ConditionMgr:438 - getConditionDescription Invalid condition id : UX DEVICE CLASS RTOS Condition cause : null
2025-03-13 13:12:59,304 [WARN] PackLoader:240 - Cannot read IP mode file for STMicroelectronics.X-CUBE-AZRTOS-WB.2.0.0
2025-03-13 13:12:59,304 [WARN] ConditionMgr:1044 - genDependencies : Invalid condition id : UX DEVICE CLASS RTOS Condition cause : null
2025-03-13 13:12:59,304 [WARN] ConditionMgr:1044 - genDependencies : Invalid condition id : UX DEVICE CLASS RTOS Condition cause : null
2025-03-13 13:12:59,306 [WARN] ConditionMgr:1044 - genDependencies : Invalid condition id : UX DEVICE CLASS RTOS Condition cause : null
2025-03-13 13:12:59,306 [WARN] ConditionMgr:1044 - genDependencies : Invalid condition id : UX DEVICE CLASS RTOS Condition cause : null
2025-03-13 13:12:59,306 [WARN] ConditionMgr:1044 - genDependencies : Invalid condition id : UX DEVICE CLASS RTOS Condition cause : null
2025-03-13 13:12:59,310 [WARN] PackLoader:240 - Cannot read IP mode file for STMicroelectronics.X-CUBE-GNSS1.7.0.1
2025-03-13 13:12:59,313 [WARN] PackLoader:240 - Cannot read IP mode file for STMicroelectronics.X-CUBE-TOUCHGFX.4.25.0
2025-03-13 13:12:59,317 [WARN] PackLoader:240 - Cannot read IP mode file for STMicroelectronics.FP-SNS-STBOX1.2.0.0
2025-03-13 13:12:59,325 [WARN] PackLoader:240 - Cannot read IP mode file for STMicroelectronics.X-CUBE-SUBG2.5.0.0
2025-03-13 13:12:59,328 [WARN] PackLoader:240 - Cannot read IP mode file for Cesanta.I-CUBE-Mongoose.7.13.0
2025-03-13 13:12:59,337 [WARN] PackLoader:240 - Cannot read IP mode file for STMicroelectronics.X-CUBE-AZRTOS-G4.2.0.0
2025-03-13 13:12:59,340 [WARN] PackLoader:240 - Cannot read IP mode file for wolfSSL.I-CUBE-wolfSSH.1.4.20
2025-03-13 13:12:59,347 [WARN] PackLoader:240 - Cannot read IP mode file for STMicroelectronics.X-CUBE-IPS.3.1.0
2025-03-13 13:12:59,353 [WARN] PackLoader:240 - Cannot read IP mode file for STMicroelectronics.X-CUBE-ALS.1.0.2
2025-03-13 13:12:59,358 [WARN] PackLoader:240 - Cannot read IP mode file for STMicroelectronics.X-CUBE-TOUCHGFX.4.24.2
2025-03-13 13:12:59,362 [WARN] PackLoader:240 - Cannot read IP mode file for portGmbH.I-Cube-SoM-uGOAL.1.1.0
2025-03-13 13:12:59,373 [WARN] PackLoader:240 - Cannot read IP mode file for STMicroelectronics.X-CUBE-AZRTOS-H7RS.1.0.0
2025-03-13 13:12:59,381 [WARN] PackLoader:240 - Cannot read IP mode file for STMicroelectronics.X-CUBE-TOF1.3.4.2
2025-03-13 13:12:59,383 [INFO] ThirdParty:978 - Integrity check success = true
2025-03-13 13:12:59,383 [INFO] IntegrityCheckThread:100 - exiting critical section [integrity check]
2025-03-13 13:12:59,383 [INFO] IntegrityCheckThread:103 - End integrity checks thread
2025-03-13 13:53:25,951 [ERROR] LogOutputStream:75 - [STDERR_REDIRECT] 
